[0.951s] DEBUG:colcon:Command line arguments: ['/usr/bin/colcon', 'build']
[0.952s] DEBUG:colcon:Parsed command line arguments: Namespace(log_base=None, log_level=None, verb_name='build', build_base='build', install_base='install', merge_install=False, symlink_install=False, test_result_base=None, continue_on_error=False, executor='parallel', parallel_workers=4, event_handlers=None, ignore_user_meta=False, metas=['./colcon.meta'], base_paths=['.'], packages_ignore=None, packages_ignore_regex=None, paths=None, packages_up_to=None, packages_up_to_regex=None, packages_above=None, packages_above_and_dependencies=None, packages_above_depth=None, packages_select_by_dep=None, packages_skip_by_dep=None, packages_skip_up_to=None, packages_select_build_failed=False, packages_skip_build_finished=False, packages_select_test_failures=False, packages_skip_test_passed=False, packages_select=None, packages_skip=None, packages_select_regex=None, packages_skip_regex=None, packages_start=None, packages_end=None, allow_overriding=[], cmake_args=None, cmake_target=None, cmake_target_skip_unavailable=False, cmake_clean_cache=False, cmake_clean_first=False, cmake_force_configure=False, ament_cmake_args=None, catkin_cmake_args=None, catkin_skip_building_tests=False, verb_parser=<colcon_defaults.argument_parser.defaults.DefaultArgumentsDecorator object at 0xffff8aea78b0>, verb_extension=<colcon_core.verb.build.BuildVerb object at 0xffff8b08ccd0>, main=<bound method BuildVerb.main of <colcon_core.verb.build.BuildVerb object at 0xffff8b08ccd0>>)
[2.122s] Level 1:colcon.colcon_core.package_discovery:discover_packages(colcon_meta) check parameters
[2.122s] Level 1:colcon.colcon_core.package_discovery:discover_packages(recursive) check parameters
[2.122s] Level 1:colcon.colcon_core.package_discovery:discover_packages(ignore) check parameters
[2.122s] Level 1:colcon.colcon_core.package_discovery:discover_packages(path) check parameters
[2.122s] Level 1:colcon.colcon_core.package_discovery:discover_packages(colcon_meta) discover
[2.123s] Level 1:colcon.colcon_core.package_discovery:discover_packages(recursive) discover
[2.123s] INFO:colcon.colcon_core.package_discovery:Crawling recursively for packages in '/home/ryan/hoverbot/ros2_ws'
[2.123s] Level 1:colcon.colcon_core.package_identification:_identify(.) by extensions ['ignore', 'ignore_ament_install']
[2.124s] Level 1:colcon.colcon_core.package_identification:_identify(.) by extension 'ignore'
[2.124s] Level 1:colcon.colcon_core.package_identification:_identify(.) by extension 'ignore_ament_install'
[2.124s] Level 1:colcon.colcon_core.package_identification:_identify(.) by extensions ['colcon_pkg']
[2.125s] Level 1:colcon.colcon_core.package_identification:_identify(.) by extension 'colcon_pkg'
[2.125s] Level 1:colcon.colcon_core.package_identification:_identify(.) by extensions ['colcon_meta']
[2.125s] Level 1:colcon.colcon_core.package_identification:_identify(.) by extension 'colcon_meta'
[2.125s] Level 1:colcon.colcon_core.package_identification:_identify(.) by extensions ['ros']
[2.125s] Level 1:colcon.colcon_core.package_identification:_identify(.) by extension 'ros'
[2.201s] Level 1:colcon.colcon_core.package_identification:_identify(.) by extensions ['cmake', 'python']
[2.201s] Level 1:colcon.colcon_core.package_identification:_identify(.) by extension 'cmake'
[2.202s] Level 1:colcon.colcon_core.package_identification:_identify(.) by extension 'python'
[2.202s] Level 1:colcon.colcon_core.package_identification:_identify(.) by extensions ['python_setup_py']
[2.202s] Level 1:colcon.colcon_core.package_identification:_identify(.) by extension 'python_setup_py'
[2.202s] Level 1:colcon.colcon_core.package_identification:_identify(build) by extensions ['ignore', 'ignore_ament_install']
[2.203s] Level 1:colcon.colcon_core.package_identification:_identify(build) by extension 'ignore'
[2.203s] Level 1:colcon.colcon_core.package_identification:_identify(build) ignored
[2.204s] Level 1:colcon.colcon_core.package_identification:_identify(install) by extensions ['ignore', 'ignore_ament_install']
[2.204s] Level 1:colcon.colcon_core.package_identification:_identify(install) by extension 'ignore'
[2.204s] Level 1:colcon.colcon_core.package_identification:_identify(install) ignored
[2.204s] Level 1:colcon.colcon_core.package_identification:_identify(log) by extensions ['ignore', 'ignore_ament_install']
[2.205s] Level 1:colcon.colcon_core.package_identification:_identify(log) by extension 'ignore'
[2.205s] Level 1:colcon.colcon_core.package_identification:_identify(log) ignored
[2.205s] Level 1:colcon.colcon_core.package_identification:_identify(src) by extensions ['ignore', 'ignore_ament_install']
[2.206s] Level 1:colcon.colcon_core.package_identification:_identify(src) by extension 'ignore'
[2.206s] Level 1:colcon.colcon_core.package_identification:_identify(src) by extension 'ignore_ament_install'
[2.206s] Level 1:colcon.colcon_core.package_identification:_identify(src) by extensions ['colcon_pkg']
[2.206s] Level 1:colcon.colcon_core.package_identification:_identify(src) by extension 'colcon_pkg'
[2.206s] Level 1:colcon.colcon_core.package_identification:_identify(src) by extensions ['colcon_meta']
[2.206s] Level 1:colcon.colcon_core.package_identification:_identify(src) by extension 'colcon_meta'
[2.207s] Level 1:colcon.colcon_core.package_identification:_identify(src) by extensions ['ros']
[2.207s] Level 1:colcon.colcon_core.package_identification:_identify(src) by extension 'ros'
[2.207s] Level 1:colcon.colcon_core.package_identification:_identify(src) by extensions ['cmake', 'python']
[2.207s] Level 1:colcon.colcon_core.package_identification:_identify(src) by extension 'cmake'
[2.207s] Level 1:colcon.colcon_core.package_identification:_identify(src) by extension 'python'
[2.207s] Level 1:colcon.colcon_core.package_identification:_identify(src) by extensions ['python_setup_py']
[2.208s] Level 1:colcon.colcon_core.package_identification:_identify(src) by extension 'python_setup_py'
[2.208s] Level 1:colcon.colcon_core.package_identification:_identify(src/hoverbot_bringup) by extensions ['ignore', 'ignore_ament_install']
[2.208s] Level 1:colcon.colcon_core.package_identification:_identify(src/hoverbot_bringup) by extension 'ignore'
[2.209s] Level 1:colcon.colcon_core.package_identification:_identify(src/hoverbot_bringup) by extension 'ignore_ament_install'
[2.209s] Level 1:colcon.colcon_core.package_identification:_identify(src/hoverbot_bringup) by extensions ['colcon_pkg']
[2.209s] Level 1:colcon.colcon_core.package_identification:_identify(src/hoverbot_bringup) by extension 'colcon_pkg'
[2.209s] Level 1:colcon.colcon_core.package_identification:_identify(src/hoverbot_bringup) by extensions ['colcon_meta']
[2.209s] Level 1:colcon.colcon_core.package_identification:_identify(src/hoverbot_bringup) by extension 'colcon_meta'
[2.209s] Level 1:colcon.colcon_core.package_identification:_identify(src/hoverbot_bringup) by extensions ['ros']
[2.210s] Level 1:colcon.colcon_core.package_identification:_identify(src/hoverbot_bringup) by extension 'ros'
[2.221s] DEBUG:colcon.colcon_core.package_identification:Package 'src/hoverbot_bringup' with type 'ros.ament_python' and name 'hoverbot_bringup'
[2.222s] Level 1:colcon.colcon_core.package_identification:_identify(src/hoverbot_description) by extensions ['ignore', 'ignore_ament_install']
[2.222s] Level 1:colcon.colcon_core.package_identification:_identify(src/hoverbot_description) by extension 'ignore'
[2.222s] Level 1:colcon.colcon_core.package_identification:_identify(src/hoverbot_description) by extension 'ignore_ament_install'
[2.223s] Level 1:colcon.colcon_core.package_identification:_identify(src/hoverbot_description) by extensions ['colcon_pkg']
[2.223s] Level 1:colcon.colcon_core.package_identification:_identify(src/hoverbot_description) by extension 'colcon_pkg'
[2.223s] Level 1:colcon.colcon_core.package_identification:_identify(src/hoverbot_description) by extensions ['colcon_meta']
[2.223s] Level 1:colcon.colcon_core.package_identification:_identify(src/hoverbot_description) by extension 'colcon_meta'
[2.223s] Level 1:colcon.colcon_core.package_identification:_identify(src/hoverbot_description) by extensions ['ros']
[2.223s] Level 1:colcon.colcon_core.package_identification:_identify(src/hoverbot_description) by extension 'ros'
[2.226s] DEBUG:colcon.colcon_core.package_identification:Package 'src/hoverbot_description' with type 'ros.ament_cmake' and name 'hoverbot_description'
[2.227s] Level 1:colcon.colcon_core.package_identification:_identify(src/hoverbot_driver) by extensions ['ignore', 'ignore_ament_install']
[2.228s] Level 1:colcon.colcon_core.package_identification:_identify(src/hoverbot_driver) by extension 'ignore'
[2.228s] Level 1:colcon.colcon_core.package_identification:_identify(src/hoverbot_driver) by extension 'ignore_ament_install'
[2.228s] Level 1:colcon.colcon_core.package_identification:_identify(src/hoverbot_driver) by extensions ['colcon_pkg']
[2.228s] Level 1:colcon.colcon_core.package_identification:_identify(src/hoverbot_driver) by extension 'colcon_pkg'
[2.229s] Level 1:colcon.colcon_core.package_identification:_identify(src/hoverbot_driver) by extensions ['colcon_meta']
[2.229s] Level 1:colcon.colcon_core.package_identification:_identify(src/hoverbot_driver) by extension 'colcon_meta'
[2.229s] Level 1:colcon.colcon_core.package_identification:_identify(src/hoverbot_driver) by extensions ['ros']
[2.229s] Level 1:colcon.colcon_core.package_identification:_identify(src/hoverbot_driver) by extension 'ros'
[2.235s] DEBUG:colcon.colcon_core.package_identification:Package 'src/hoverbot_driver' with type 'ros.ament_python' and name 'hoverbot_driver'
[2.235s] Level 1:colcon.colcon_core.package_discovery:discover_packages(recursive) using defaults
[2.235s] Level 1:colcon.colcon_core.package_discovery:discover_packages(ignore) discover
[2.235s] Level 1:colcon.colcon_core.package_discovery:discover_packages(ignore) using defaults
[2.235s] Level 1:colcon.colcon_core.package_discovery:discover_packages(path) discover
[2.236s] Level 1:colcon.colcon_core.package_discovery:discover_packages(path) using defaults
[2.362s] Level 1:colcon.colcon_core.package_discovery:discover_packages(prefix_path) check parameters
[2.362s] Level 1:colcon.colcon_core.package_discovery:discover_packages(prefix_path) discover
[2.376s] DEBUG:colcon.colcon_installed_package_information.package_discovery:Found 3 installed packages in /home/ryan/hoverbot/ros2_ws/install
[2.388s] DEBUG:colcon.colcon_installed_package_information.package_discovery:Found 337 installed packages in /opt/ros/humble
[2.431s] Level 1:colcon.colcon_core.package_discovery:discover_packages(prefix_path) using defaults
[2.636s] Level 5:colcon.colcon_core.verb:set package 'hoverbot_bringup' build argument 'cmake_args' from command line to 'None'
[2.636s] Level 5:colcon.colcon_core.verb:set package 'hoverbot_bringup' build argument 'cmake_target' from command line to 'None'
[2.636s] Level 5:colcon.colcon_core.verb:set package 'hoverbot_bringup' build argument 'cmake_target_skip_unavailable' from command line to 'False'
[2.637s] Level 5:colcon.colcon_core.verb:set package 'hoverbot_bringup' build argument 'cmake_clean_cache' from command line to 'False'
[2.637s] Level 5:colcon.colcon_core.verb:set package 'hoverbot_bringup' build argument 'cmake_clean_first' from command line to 'False'
[2.637s] Level 5:colcon.colcon_core.verb:set package 'hoverbot_bringup' build argument 'cmake_force_configure' from command line to 'False'
[2.637s] Level 5:colcon.colcon_core.verb:set package 'hoverbot_bringup' build argument 'ament_cmake_args' from command line to 'None'
[2.637s] Level 5:colcon.colcon_core.verb:set package 'hoverbot_bringup' build argument 'catkin_cmake_args' from command line to 'None'
[2.637s] Level 5:colcon.colcon_core.verb:set package 'hoverbot_bringup' build argument 'catkin_skip_building_tests' from command line to 'False'
[2.637s] DEBUG:colcon.colcon_core.verb:Building package 'hoverbot_bringup' with the following arguments: {'ament_cmake_args': None, 'build_base': '/home/ryan/hoverbot/ros2_ws/build/hoverbot_bringup', 'catkin_cmake_args': None, 'catkin_skip_building_tests': False, 'cmake_args': None, 'cmake_clean_cache': False, 'cmake_clean_first': False, 'cmake_force_configure': False, 'cmake_target': None, 'cmake_target_skip_unavailable': False, 'install_base': '/home/ryan/hoverbot/ros2_ws/install/hoverbot_bringup', 'merge_install': False, 'path': '/home/ryan/hoverbot/ros2_ws/src/hoverbot_bringup', 'symlink_install': False, 'test_result_base': None}
[2.639s] Level 5:colcon.colcon_core.verb:set package 'hoverbot_description' build argument 'cmake_args' from command line to 'None'
[2.639s] Level 5:colcon.colcon_core.verb:set package 'hoverbot_description' build argument 'cmake_target' from command line to 'None'
[2.639s] Level 5:colcon.colcon_core.verb:set package 'hoverbot_description' build argument 'cmake_target_skip_unavailable' from command line to 'False'
[2.639s] Level 5:colcon.colcon_core.verb:set package 'hoverbot_description' build argument 'cmake_clean_cache' from command line to 'False'
[2.639s] Level 5:colcon.colcon_core.verb:set package 'hoverbot_description' build argument 'cmake_clean_first' from command line to 'False'
[2.639s] Level 5:colcon.colcon_core.verb:set package 'hoverbot_description' build argument 'cmake_force_configure' from command line to 'False'
[2.639s] Level 5:colcon.colcon_core.verb:set package 'hoverbot_description' build argument 'ament_cmake_args' from command line to 'None'
[2.640s] Level 5:colcon.colcon_core.verb:set package 'hoverbot_description' build argument 'catkin_cmake_args' from command line to 'None'
[2.640s] Level 5:colcon.colcon_core.verb:set package 'hoverbot_description' build argument 'catkin_skip_building_tests' from command line to 'False'
[2.640s] DEBUG:colcon.colcon_core.verb:Building package 'hoverbot_description' with the following arguments: {'ament_cmake_args': None, 'build_base': '/home/ryan/hoverbot/ros2_ws/build/hoverbot_description', 'catkin_cmake_args': None, 'catkin_skip_building_tests': False, 'cmake_args': None, 'cmake_clean_cache': False, 'cmake_clean_first': False, 'cmake_force_configure': False, 'cmake_target': None, 'cmake_target_skip_unavailable': False, 'install_base': '/home/ryan/hoverbot/ros2_ws/install/hoverbot_description', 'merge_install': False, 'path': '/home/ryan/hoverbot/ros2_ws/src/hoverbot_description', 'symlink_install': False, 'test_result_base': None}
[2.641s] Level 5:colcon.colcon_core.verb:set package 'hoverbot_driver' build argument 'cmake_args' from command line to 'None'
[2.641s] Level 5:colcon.colcon_core.verb:set package 'hoverbot_driver' build argument 'cmake_target' from command line to 'None'
[2.641s] Level 5:colcon.colcon_core.verb:set package 'hoverbot_driver' build argument 'cmake_target_skip_unavailable' from command line to 'False'
[2.641s] Level 5:colcon.colcon_core.verb:set package 'hoverbot_driver' build argument 'cmake_clean_cache' from command line to 'False'
[2.642s] Level 5:colcon.colcon_core.verb:set package 'hoverbot_driver' build argument 'cmake_clean_first' from command line to 'False'
[2.642s] Level 5:colcon.colcon_core.verb:set package 'hoverbot_driver' build argument 'cmake_force_configure' from command line to 'False'
[2.642s] Level 5:colcon.colcon_core.verb:set package 'hoverbot_driver' build argument 'ament_cmake_args' from command line to 'None'
[2.642s] Level 5:colcon.colcon_core.verb:set package 'hoverbot_driver' build argument 'catkin_cmake_args' from command line to 'None'
[2.642s] Level 5:colcon.colcon_core.verb:set package 'hoverbot_driver' build argument 'catkin_skip_building_tests' from command line to 'False'
[2.642s] DEBUG:colcon.colcon_core.verb:Building package 'hoverbot_driver' with the following arguments: {'ament_cmake_args': None, 'build_base': '/home/ryan/hoverbot/ros2_ws/build/hoverbot_driver', 'catkin_cmake_args': None, 'catkin_skip_building_tests': False, 'cmake_args': None, 'cmake_clean_cache': False, 'cmake_clean_first': False, 'cmake_force_configure': False, 'cmake_target': None, 'cmake_target_skip_unavailable': False, 'install_base': '/home/ryan/hoverbot/ros2_ws/install/hoverbot_driver', 'merge_install': False, 'path': '/home/ryan/hoverbot/ros2_ws/src/hoverbot_driver', 'symlink_install': False, 'test_result_base': None}
[2.643s] INFO:colcon.colcon_core.executor:Executing jobs using 'parallel' executor
[2.646s] DEBUG:colcon.colcon_parallel_executor.executor.parallel:run_until_complete
[2.646s] INFO:colcon.colcon_ros.task.ament_python.build:Building ROS package in '/home/ryan/hoverbot/ros2_ws/src/hoverbot_bringup' with build type 'ament_python'
[2.647s] Level 1:colcon.colcon_core.shell:create_environment_hook('hoverbot_bringup', 'ament_prefix_path')
[2.665s] INFO:colcon.colcon_core.plugin_system:Skipping extension 'colcon_core.shell.bat': Not used on non-Windows systems
[2.667s] INFO:colcon.colcon_core.shell:Creating environment hook '/home/ryan/hoverbot/ros2_ws/install/hoverbot_bringup/share/hoverbot_bringup/hook/ament_prefix_path.ps1'
[2.671s] INFO:colcon.colcon_core.shell:Creating environment descriptor '/home/ryan/hoverbot/ros2_ws/install/hoverbot_bringup/share/hoverbot_bringup/hook/ament_prefix_path.dsv'
[2.674s] INFO:colcon.colcon_core.shell:Creating environment hook '/home/ryan/hoverbot/ros2_ws/install/hoverbot_bringup/share/hoverbot_bringup/hook/ament_prefix_path.sh'
[2.678s] INFO:colcon.colcon_core.shell:Skip shell extension 'powershell' for command environment: Not usable outside of PowerShell
[2.678s] DEBUG:colcon.colcon_core.shell:Skip shell extension 'dsv' for command environment
[2.700s] INFO:colcon.colcon_ros.task.ament_cmake.build:Building ROS package in '/home/ryan/hoverbot/ros2_ws/src/hoverbot_description' with build type 'ament_cmake'
[2.700s] INFO:colcon.colcon_cmake.task.cmake.build:Building CMake package in '/home/ryan/hoverbot/ros2_ws/src/hoverbot_description'
[2.701s] INFO:colcon.colcon_core.shell:Skip shell extension 'powershell' for command environment: Not usable outside of PowerShell
[2.702s] DEBUG:colcon.colcon_core.shell:Skip shell extension 'dsv' for command environment
[2.725s] INFO:colcon.colcon_ros.task.ament_python.build:Building ROS package in '/home/ryan/hoverbot/ros2_ws/src/hoverbot_driver' with build type 'ament_python'
[2.725s] Level 1:colcon.colcon_core.shell:create_environment_hook('hoverbot_driver', 'ament_prefix_path')
[2.727s] INFO:colcon.colcon_core.shell:Creating environment hook '/home/ryan/hoverbot/ros2_ws/install/hoverbot_driver/share/hoverbot_driver/hook/ament_prefix_path.ps1'
[2.729s] INFO:colcon.colcon_core.shell:Creating environment descriptor '/home/ryan/hoverbot/ros2_ws/install/hoverbot_driver/share/hoverbot_driver/hook/ament_prefix_path.dsv'
[2.731s] INFO:colcon.colcon_core.shell:Creating environment hook '/home/ryan/hoverbot/ros2_ws/install/hoverbot_driver/share/hoverbot_driver/hook/ament_prefix_path.sh'
[2.735s] INFO:colcon.colcon_core.shell:Skip shell extension 'powershell' for command environment: Not usable outside of PowerShell
[2.735s] DEBUG:colcon.colcon_core.shell:Skip shell extension 'dsv' for command environment
[3.923s] INFO:colcon.colcon_core.task.python.build:Building Python package in '/home/ryan/hoverbot/ros2_ws/src/hoverbot_bringup'
[3.924s] INFO:colcon.colcon_core.shell:Skip shell extension 'powershell' for command environment: Not usable outside of PowerShell
[3.924s] DEBUG:colcon.colcon_core.shell:Skip shell extension 'dsv' for command environment
[3.958s] DEBUG:colcon.colcon_core.event_handler.log_command:Invoking command in '/home/ryan/hoverbot/ros2_ws/build/hoverbot_description': CMAKE_PREFIX_PATH=${CMAKE_PREFIX_PATH}:/home/ryan/hoverbot/ros2_ws/install/hoverbot_driver:/opt/ros/humble /usr/bin/cmake --build /home/ryan/hoverbot/ros2_ws/build/hoverbot_description -- -j4 -l4
[5.446s] INFO:colcon.colcon_core.task.python.build:Building Python package in '/home/ryan/hoverbot/ros2_ws/src/hoverbot_driver'
[5.447s] INFO:colcon.colcon_core.shell:Skip shell extension 'powershell' for command environment: Not usable outside of PowerShell
[5.447s] DEBUG:colcon.colcon_core.shell:Skip shell extension 'dsv' for command environment
[5.584s] DEBUG:colcon.colcon_core.event_handler.log_command:Invoked command in '/home/ryan/hoverbot/ros2_ws/build/hoverbot_description' returned '0': CMAKE_PREFIX_PATH=${CMAKE_PREFIX_PATH}:/home/ryan/hoverbot/ros2_ws/install/hoverbot_driver:/opt/ros/humble /usr/bin/cmake --build /home/ryan/hoverbot/ros2_ws/build/hoverbot_description -- -j4 -l4
[5.623s] DEBUG:colcon.colcon_core.event_handler.log_command:Invoking command in '/home/ryan/hoverbot/ros2_ws/build/hoverbot_description': CMAKE_PREFIX_PATH=${CMAKE_PREFIX_PATH}:/home/ryan/hoverbot/ros2_ws/install/hoverbot_driver:/opt/ros/humble /usr/bin/cmake --install /home/ryan/hoverbot/ros2_ws/build/hoverbot_description
[5.681s] Level 1:colcon.colcon_core.environment:create_environment_scripts_only(hoverbot_description)
[5.684s] DEBUG:colcon.colcon_core.event_handler.log_command:Invoked command in '/home/ryan/hoverbot/ros2_ws/build/hoverbot_description' returned '0': CMAKE_PREFIX_PATH=${CMAKE_PREFIX_PATH}:/home/ryan/hoverbot/ros2_ws/install/hoverbot_driver:/opt/ros/humble /usr/bin/cmake --install /home/ryan/hoverbot/ros2_ws/build/hoverbot_description
[5.815s] Level 1:colcon.colcon_core.environment:checking '/home/ryan/hoverbot/ros2_ws/install/hoverbot_description' for CMake module files
[5.818s] Level 1:colcon.colcon_core.environment:checking '/home/ryan/hoverbot/ros2_ws/install/hoverbot_description' for CMake config files
[5.821s] Level 1:colcon.colcon_core.shell:create_environment_hook('hoverbot_description', 'cmake_prefix_path')
[5.822s] INFO:colcon.colcon_core.shell:Creating environment hook '/home/ryan/hoverbot/ros2_ws/install/hoverbot_description/share/hoverbot_description/hook/cmake_prefix_path.ps1'
[5.825s] INFO:colcon.colcon_core.shell:Creating environment descriptor '/home/ryan/hoverbot/ros2_ws/install/hoverbot_description/share/hoverbot_description/hook/cmake_prefix_path.dsv'
[5.827s] INFO:colcon.colcon_core.shell:Creating environment hook '/home/ryan/hoverbot/ros2_ws/install/hoverbot_description/share/hoverbot_description/hook/cmake_prefix_path.sh'
[5.831s] Level 1:colcon.colcon_core.environment:checking '/home/ryan/hoverbot/ros2_ws/install/hoverbot_description/bin'
[5.831s] Level 1:colcon.colcon_core.environment:checking '/home/ryan/hoverbot/ros2_ws/install/hoverbot_description/lib/pkgconfig/hoverbot_description.pc'
[5.833s] Level 1:colcon.colcon_core.environment:checking '/home/ryan/hoverbot/ros2_ws/install/hoverbot_description/lib/python3.10/site-packages'
[5.835s] Level 1:colcon.colcon_core.environment:checking '/home/ryan/hoverbot/ros2_ws/install/hoverbot_description/bin'
[5.836s] INFO:colcon.colcon_core.shell:Creating package script '/home/ryan/hoverbot/ros2_ws/install/hoverbot_description/share/hoverbot_description/package.ps1'
[5.841s] INFO:colcon.colcon_core.shell:Creating package descriptor '/home/ryan/hoverbot/ros2_ws/install/hoverbot_description/share/hoverbot_description/package.dsv'
[5.845s] INFO:colcon.colcon_core.shell:Creating package script '/home/ryan/hoverbot/ros2_ws/install/hoverbot_description/share/hoverbot_description/package.sh'
[5.850s] INFO:colcon.colcon_core.shell:Creating package script '/home/ryan/hoverbot/ros2_ws/install/hoverbot_description/share/hoverbot_description/package.bash'
[5.856s] INFO:colcon.colcon_core.shell:Creating package script '/home/ryan/hoverbot/ros2_ws/install/hoverbot_description/share/hoverbot_description/package.zsh'
[5.861s] Level 1:colcon.colcon_core.environment:create_file_with_runtime_dependencies(/home/ryan/hoverbot/ros2_ws/install/hoverbot_description/share/colcon-core/packages/hoverbot_description)
[5.865s] Level 1:colcon.colcon_core.environment:create_environment_scripts_only(hoverbot_description)
[5.866s] Level 1:colcon.colcon_core.environment:checking '/home/ryan/hoverbot/ros2_ws/install/hoverbot_description' for CMake module files
[5.869s] Level 1:colcon.colcon_core.environment:checking '/home/ryan/hoverbot/ros2_ws/install/hoverbot_description' for CMake config files
[5.871s] Level 1:colcon.colcon_core.shell:create_environment_hook('hoverbot_description', 'cmake_prefix_path')
[5.872s] INFO:colcon.colcon_core.shell:Creating environment hook '/home/ryan/hoverbot/ros2_ws/install/hoverbot_description/share/hoverbot_description/hook/cmake_prefix_path.ps1'
[5.874s] INFO:colcon.colcon_core.shell:Creating environment descriptor '/home/ryan/hoverbot/ros2_ws/install/hoverbot_description/share/hoverbot_description/hook/cmake_prefix_path.dsv'
[5.878s] INFO:colcon.colcon_core.shell:Creating environment hook '/home/ryan/hoverbot/ros2_ws/install/hoverbot_description/share/hoverbot_description/hook/cmake_prefix_path.sh'
[5.881s] Level 1:colcon.colcon_core.environment:checking '/home/ryan/hoverbot/ros2_ws/install/hoverbot_description/bin'
[5.882s] Level 1:colcon.colcon_core.environment:checking '/home/ryan/hoverbot/ros2_ws/install/hoverbot_description/lib/pkgconfig/hoverbot_description.pc'
[5.883s] Level 1:colcon.colcon_core.environment:checking '/home/ryan/hoverbot/ros2_ws/install/hoverbot_description/lib/python3.10/site-packages'
[5.885s] Level 1:colcon.colcon_core.environment:checking '/home/ryan/hoverbot/ros2_ws/install/hoverbot_description/bin'
[5.887s] INFO:colcon.colcon_core.shell:Creating package script '/home/ryan/hoverbot/ros2_ws/install/hoverbot_description/share/hoverbot_description/package.ps1'
[5.890s] INFO:colcon.colcon_core.shell:Creating package descriptor '/home/ryan/hoverbot/ros2_ws/install/hoverbot_description/share/hoverbot_description/package.dsv'
[5.893s] INFO:colcon.colcon_core.shell:Creating package script '/home/ryan/hoverbot/ros2_ws/install/hoverbot_description/share/hoverbot_description/package.sh'
[5.896s] INFO:colcon.colcon_core.shell:Creating package script '/home/ryan/hoverbot/ros2_ws/install/hoverbot_description/share/hoverbot_description/package.bash'
[5.899s] INFO:colcon.colcon_core.shell:Creating package script '/home/ryan/hoverbot/ros2_ws/install/hoverbot_description/share/hoverbot_description/package.zsh'
[5.902s] Level 1:colcon.colcon_core.environment:create_file_with_runtime_dependencies(/home/ryan/hoverbot/ros2_ws/install/hoverbot_description/share/colcon-core/packages/hoverbot_description)
[8.645s] DEBUG:colcon.colcon_core.event_handler.log_command:Invoking command in '/home/ryan/hoverbot/ros2_ws/src/hoverbot_bringup': PYTHONPATH=/home/ryan/hoverbot/ros2_ws/build/hoverbot_bringup/prefix_override:/usr/lib/python3/dist-packages/colcon_core/task/python/colcon_distutils_commands:/home/ryan/hoverbot/ros2_ws/install/hoverbot_bringup/lib/python3.10/site-packages:${PYTHONPATH} /usr/bin/python3 -W ignore:setup.py install is deprecated -W ignore:easy_install command is deprecated setup.py egg_info --egg-base ../../build/hoverbot_bringup build --build-base /home/ryan/hoverbot/ros2_ws/build/hoverbot_bringup/build install --record /home/ryan/hoverbot/ros2_ws/build/hoverbot_bringup/install.log --single-version-externally-managed install_data
[8.656s] DEBUG:colcon.colcon_core.event_handler.log_command:Invoking command in '/home/ryan/hoverbot/ros2_ws/src/hoverbot_driver': PYTHONPATH=/home/ryan/hoverbot/ros2_ws/build/hoverbot_driver/prefix_override:/usr/lib/python3/dist-packages/colcon_core/task/python/colcon_distutils_commands:/home/ryan/hoverbot/ros2_ws/install/hoverbot_driver/lib/python3.10/site-packages:${PYTHONPATH} /usr/bin/python3 -W ignore:setup.py install is deprecated -W ignore:easy_install command is deprecated setup.py egg_info --egg-base ../../build/hoverbot_driver build --build-base /home/ryan/hoverbot/ros2_ws/build/hoverbot_driver/build install --record /home/ryan/hoverbot/ros2_ws/build/hoverbot_driver/install.log --single-version-externally-managed install_data
[10.220s] Level 1:colcon.colcon_core.environment:checking '/home/ryan/hoverbot/ros2_ws/install/hoverbot_driver' for CMake module files
[10.223s] DEBUG:colcon.colcon_core.event_handler.log_command:Invoked command in '/home/ryan/hoverbot/ros2_ws/src/hoverbot_driver' returned '0': PYTHONPATH=/home/ryan/hoverbot/ros2_ws/build/hoverbot_driver/prefix_override:/usr/lib/python3/dist-packages/colcon_core/task/python/colcon_distutils_commands:/home/ryan/hoverbot/ros2_ws/install/hoverbot_driver/lib/python3.10/site-packages:${PYTHONPATH} /usr/bin/python3 -W ignore:setup.py install is deprecated -W ignore:easy_install command is deprecated setup.py egg_info --egg-base ../../build/hoverbot_driver build --build-base /home/ryan/hoverbot/ros2_ws/build/hoverbot_driver/build install --record /home/ryan/hoverbot/ros2_ws/build/hoverbot_driver/install.log --single-version-externally-managed install_data
[10.225s] Level 1:colcon.colcon_core.environment:checking '/home/ryan/hoverbot/ros2_ws/install/hoverbot_driver' for CMake config files
[10.230s] Level 1:colcon.colcon_core.environment:checking '/home/ryan/hoverbot/ros2_ws/install/hoverbot_driver/lib'
[10.231s] Level 1:colcon.colcon_core.environment:checking '/home/ryan/hoverbot/ros2_ws/install/hoverbot_driver/bin'
[10.231s] Level 1:colcon.colcon_core.environment:checking '/home/ryan/hoverbot/ros2_ws/install/hoverbot_driver/lib/pkgconfig/hoverbot_driver.pc'
[10.232s] Level 1:colcon.colcon_core.environment:checking '/home/ryan/hoverbot/ros2_ws/install/hoverbot_driver/lib/python3.10/site-packages'
[10.232s] Level 1:colcon.colcon_core.shell:create_environment_hook('hoverbot_driver', 'pythonpath')
[10.233s] INFO:colcon.colcon_core.shell:Creating environment hook '/home/ryan/hoverbot/ros2_ws/install/hoverbot_driver/share/hoverbot_driver/hook/pythonpath.ps1'
[10.235s] INFO:colcon.colcon_core.shell:Creating environment descriptor '/home/ryan/hoverbot/ros2_ws/install/hoverbot_driver/share/hoverbot_driver/hook/pythonpath.dsv'
[10.237s] INFO:colcon.colcon_core.shell:Creating environment hook '/home/ryan/hoverbot/ros2_ws/install/hoverbot_driver/share/hoverbot_driver/hook/pythonpath.sh'
[10.240s] Level 1:colcon.colcon_core.environment:checking '/home/ryan/hoverbot/ros2_ws/install/hoverbot_driver/bin'
[10.241s] Level 1:colcon.colcon_core.environment:create_environment_scripts_only(hoverbot_driver)
[10.242s] INFO:colcon.colcon_core.shell:Creating package script '/home/ryan/hoverbot/ros2_ws/install/hoverbot_driver/share/hoverbot_driver/package.ps1'
[10.244s] INFO:colcon.colcon_core.shell:Creating package descriptor '/home/ryan/hoverbot/ros2_ws/install/hoverbot_driver/share/hoverbot_driver/package.dsv'
[10.247s] INFO:colcon.colcon_core.shell:Creating package script '/home/ryan/hoverbot/ros2_ws/install/hoverbot_driver/share/hoverbot_driver/package.sh'
[10.249s] INFO:colcon.colcon_core.shell:Creating package script '/home/ryan/hoverbot/ros2_ws/install/hoverbot_driver/share/hoverbot_driver/package.bash'
[10.251s] INFO:colcon.colcon_core.shell:Creating package script '/home/ryan/hoverbot/ros2_ws/install/hoverbot_driver/share/hoverbot_driver/package.zsh'
[10.252s] Level 1:colcon.colcon_core.environment:create_file_with_runtime_dependencies(/home/ryan/hoverbot/ros2_ws/install/hoverbot_driver/share/colcon-core/packages/hoverbot_driver)
[10.256s] Level 1:colcon.colcon_core.environment:checking '/home/ryan/hoverbot/ros2_ws/install/hoverbot_bringup' for CMake module files
[10.259s] DEBUG:colcon.colcon_core.event_handler.log_command:Invoked command in '/home/ryan/hoverbot/ros2_ws/src/hoverbot_bringup' returned '0': PYTHONPATH=/home/ryan/hoverbot/ros2_ws/build/hoverbot_bringup/prefix_override:/usr/lib/python3/dist-packages/colcon_core/task/python/colcon_distutils_commands:/home/ryan/hoverbot/ros2_ws/install/hoverbot_bringup/lib/python3.10/site-packages:${PYTHONPATH} /usr/bin/python3 -W ignore:setup.py install is deprecated -W ignore:easy_install command is deprecated setup.py egg_info --egg-base ../../build/hoverbot_bringup build --build-base /home/ryan/hoverbot/ros2_ws/build/hoverbot_bringup/build install --record /home/ryan/hoverbot/ros2_ws/build/hoverbot_bringup/install.log --single-version-externally-managed install_data
[10.261s] Level 1:colcon.colcon_core.environment:checking '/home/ryan/hoverbot/ros2_ws/install/hoverbot_bringup' for CMake config files
[10.264s] Level 1:colcon.colcon_core.shell:create_environment_hook('hoverbot_bringup', 'cmake_prefix_path')
[10.265s] INFO:colcon.colcon_core.shell:Creating environment hook '/home/ryan/hoverbot/ros2_ws/install/hoverbot_bringup/share/hoverbot_bringup/hook/cmake_prefix_path.ps1'
[10.267s] INFO:colcon.colcon_core.shell:Creating environment descriptor '/home/ryan/hoverbot/ros2_ws/install/hoverbot_bringup/share/hoverbot_bringup/hook/cmake_prefix_path.dsv'
[10.269s] INFO:colcon.colcon_core.shell:Creating environment hook '/home/ryan/hoverbot/ros2_ws/install/hoverbot_bringup/share/hoverbot_bringup/hook/cmake_prefix_path.sh'
[10.272s] Level 1:colcon.colcon_core.environment:checking '/home/ryan/hoverbot/ros2_ws/install/hoverbot_bringup/lib'
[10.273s] Level 1:colcon.colcon_core.environment:checking '/home/ryan/hoverbot/ros2_ws/install/hoverbot_bringup/bin'
[10.273s] Level 1:colcon.colcon_core.shell:create_environment_hook('hoverbot_bringup', 'path')
[10.275s] INFO:colcon.colcon_core.shell:Creating environment hook '/home/ryan/hoverbot/ros2_ws/install/hoverbot_bringup/share/hoverbot_bringup/hook/path.ps1'
[10.277s] INFO:colcon.colcon_core.shell:Creating environment descriptor '/home/ryan/hoverbot/ros2_ws/install/hoverbot_bringup/share/hoverbot_bringup/hook/path.dsv'
[10.279s] INFO:colcon.colcon_core.shell:Creating environment hook '/home/ryan/hoverbot/ros2_ws/install/hoverbot_bringup/share/hoverbot_bringup/hook/path.sh'
[10.280s] Level 1:colcon.colcon_core.environment:checking '/home/ryan/hoverbot/ros2_ws/install/hoverbot_bringup/lib/pkgconfig/hoverbot_bringup.pc'
[10.281s] Level 1:colcon.colcon_core.environment:checking '/home/ryan/hoverbot/ros2_ws/install/hoverbot_bringup/lib/python3.10/site-packages'
[10.282s] Level 1:colcon.colcon_core.shell:create_environment_hook('hoverbot_bringup', 'pythonpath')
[10.283s] INFO:colcon.colcon_core.shell:Creating environment hook '/home/ryan/hoverbot/ros2_ws/install/hoverbot_bringup/share/hoverbot_bringup/hook/pythonpath.ps1'
[10.284s] INFO:colcon.colcon_core.shell:Creating environment descriptor '/home/ryan/hoverbot/ros2_ws/install/hoverbot_bringup/share/hoverbot_bringup/hook/pythonpath.dsv'
[10.286s] INFO:colcon.colcon_core.shell:Creating environment hook '/home/ryan/hoverbot/ros2_ws/install/hoverbot_bringup/share/hoverbot_bringup/hook/pythonpath.sh'
[10.288s] Level 1:colcon.colcon_core.environment:checking '/home/ryan/hoverbot/ros2_ws/install/hoverbot_bringup/bin'
[10.289s] Level 1:colcon.colcon_core.shell:create_environment_hook('hoverbot_bringup', 'pythonscriptspath')
[10.290s] INFO:colcon.colcon_core.shell:Creating environment hook '/home/ryan/hoverbot/ros2_ws/install/hoverbot_bringup/share/hoverbot_bringup/hook/pythonscriptspath.ps1'
[10.292s] INFO:colcon.colcon_core.shell:Creating environment descriptor '/home/ryan/hoverbot/ros2_ws/install/hoverbot_bringup/share/hoverbot_bringup/hook/pythonscriptspath.dsv'
[10.293s] INFO:colcon.colcon_core.shell:Creating environment hook '/home/ryan/hoverbot/ros2_ws/install/hoverbot_bringup/share/hoverbot_bringup/hook/pythonscriptspath.sh'
[10.295s] Level 1:colcon.colcon_core.environment:create_environment_scripts_only(hoverbot_bringup)
[10.296s] INFO:colcon.colcon_core.shell:Creating package script '/home/ryan/hoverbot/ros2_ws/install/hoverbot_bringup/share/hoverbot_bringup/package.ps1'
[10.299s] INFO:colcon.colcon_core.shell:Creating package descriptor '/home/ryan/hoverbot/ros2_ws/install/hoverbot_bringup/share/hoverbot_bringup/package.dsv'
[10.302s] INFO:colcon.colcon_core.shell:Creating package script '/home/ryan/hoverbot/ros2_ws/install/hoverbot_bringup/share/hoverbot_bringup/package.sh'
[10.304s] INFO:colcon.colcon_core.shell:Creating package script '/home/ryan/hoverbot/ros2_ws/install/hoverbot_bringup/share/hoverbot_bringup/package.bash'
[10.306s] INFO:colcon.colcon_core.shell:Creating package script '/home/ryan/hoverbot/ros2_ws/install/hoverbot_bringup/share/hoverbot_bringup/package.zsh'
[10.307s] Level 1:colcon.colcon_core.environment:create_file_with_runtime_dependencies(/home/ryan/hoverbot/ros2_ws/install/hoverbot_bringup/share/colcon-core/packages/hoverbot_bringup)
[10.309s] DEBUG:colcon.colcon_parallel_executor.executor.parallel:closing loop
[10.310s] DEBUG:colcon.colcon_parallel_executor.executor.parallel:loop closed
[10.310s] DEBUG:colcon.colcon_parallel_executor.executor.parallel:run_until_complete finished with '0'
[10.310s] DEBUG:colcon.colcon_core.event_reactor:joining thread
[10.336s] INFO:colcon.colcon_core.plugin_system:Skipping extension 'colcon_notification.desktop_notification.notify_send': Could not find 'notify-send'
[10.336s] INFO:colcon.colcon_core.plugin_system:Skipping extension 'colcon_notification.desktop_notification.terminal_notifier': Not used on non-Darwin systems
[10.336s] INFO:colcon.colcon_core.plugin_system:Skipping extension 'colcon_notification.desktop_notification.win32': Not used on non-Windows systems
[10.336s] INFO:colcon.colcon_notification.desktop_notification:Sending desktop notification using 'notify2'
[10.388s] DEBUG:colcon.colcon_notification.desktop_notification.notify2:Failed to initialize notify2: org.freedesktop.DBus.Error.ServiceUnknown: The name org.freedesktop.Notifications was not provided by any .service files
[10.389s] DEBUG:colcon.colcon_core.event_reactor:joined thread
[10.390s] INFO:colcon.colcon_core.shell:Creating prefix script '/home/ryan/hoverbot/ros2_ws/install/local_setup.ps1'
[10.395s] INFO:colcon.colcon_core.shell:Creating prefix util module '/home/ryan/hoverbot/ros2_ws/install/_local_setup_util_ps1.py'
[10.403s] INFO:colcon.colcon_core.shell:Creating prefix chain script '/home/ryan/hoverbot/ros2_ws/install/setup.ps1'
[10.410s] INFO:colcon.colcon_core.shell:Creating prefix script '/home/ryan/hoverbot/ros2_ws/install/local_setup.sh'
[10.413s] INFO:colcon.colcon_core.shell:Creating prefix util module '/home/ryan/hoverbot/ros2_ws/install/_local_setup_util_sh.py'
[10.415s] INFO:colcon.colcon_core.shell:Creating prefix chain script '/home/ryan/hoverbot/ros2_ws/install/setup.sh'
[10.421s] INFO:colcon.colcon_core.shell:Creating prefix script '/home/ryan/hoverbot/ros2_ws/install/local_setup.bash'
[10.424s] INFO:colcon.colcon_core.shell:Creating prefix chain script '/home/ryan/hoverbot/ros2_ws/install/setup.bash'
[10.429s] INFO:colcon.colcon_core.shell:Creating prefix script '/home/ryan/hoverbot/ros2_ws/install/local_setup.zsh'
[10.432s] INFO:colcon.colcon_core.shell:Creating prefix chain script '/home/ryan/hoverbot/ros2_ws/install/setup.zsh'
