[0.066s] Invoking command in '/home/ryan/hoverbot/ros2_ws/build/hoverbot_description': CMAKE_PREFIX_PATH=${CMAKE_PREFIX_PATH}:/home/ryan/hoverbot/ros2_ws/install/hoverbot_driver:/home/ryan/hoverbot/ros2_ws/install/hoverbot_bringup:/opt/ros/humble /usr/bin/cmake /home/ryan/hoverbot/ros2_ws/src/hoverbot_description -DCMAKE_INSTALL_PREFIX=/home/ryan/hoverbot/ros2_ws/install/hoverbot_description
[0.335s] -- The C compiler identification is GNU 11.4.0
[0.595s] -- The CXX compiler identification is GNU 11.4.0
[0.623s] -- Detecting C compiler ABI info
[0.932s] -- Detecting C compiler ABI info - done
[0.957s] -- Check for working C compiler: /usr/bin/cc - skipped
[0.958s] -- Detecting C compile features
[0.959s] -- Detecting C compile features - done
[0.972s] -- Detecting CXX compiler ABI info
[1.320s] -- Detecting CXX compiler ABI info - done
[1.346s] -- Check for working CXX compiler: /usr/bin/c++ - skipped
[1.347s] -- Detecting CXX compile features
[1.348s] -- Detecting CXX compile features - done
[1.382s] -- Found ament_cmake: 1.3.12 (/opt/ros/humble/share/ament_cmake/cmake)
[2.226s] -- Found Python3: /usr/bin/python3 (found version "3.10.12") found components: Interpreter 
[2.906s] -- Found ament_lint_auto: 0.12.14 (/opt/ros/humble/share/ament_lint_auto/cmake)
[3.226s] -- Configuring done
[3.249s] -- Generating done
[3.259s] -- Build files have been written to: /home/ryan/hoverbot/ros2_ws/build/hoverbot_description
[3.275s] Invoked command in '/home/ryan/hoverbot/ros2_ws/build/hoverbot_description' returned '0': CMAKE_PREFIX_PATH=${CMAKE_PREFIX_PATH}:/home/ryan/hoverbot/ros2_ws/install/hoverbot_driver:/home/ryan/hoverbot/ros2_ws/install/hoverbot_bringup:/opt/ros/humble /usr/bin/cmake /home/ryan/hoverbot/ros2_ws/src/hoverbot_description -DCMAKE_INSTALL_PREFIX=/home/ryan/hoverbot/ros2_ws/install/hoverbot_description
[3.285s] Invoking command in '/home/ryan/hoverbot/ros2_ws/build/hoverbot_description': CMAKE_PREFIX_PATH=${CMAKE_PREFIX_PATH}:/home/ryan/hoverbot/ros2_ws/install/hoverbot_driver:/home/ryan/hoverbot/ros2_ws/install/hoverbot_bringup:/opt/ros/humble /usr/bin/cmake --build /home/ryan/hoverbot/ros2_ws/build/hoverbot_description -- -j4 -l4
[3.471s] Invoked command in '/home/ryan/hoverbot/ros2_ws/build/hoverbot_description' returned '0': CMAKE_PREFIX_PATH=${CMAKE_PREFIX_PATH}:/home/ryan/hoverbot/ros2_ws/install/hoverbot_driver:/home/ryan/hoverbot/ros2_ws/install/hoverbot_bringup:/opt/ros/humble /usr/bin/cmake --build /home/ryan/hoverbot/ros2_ws/build/hoverbot_description -- -j4 -l4
[3.509s] Invoking command in '/home/ryan/hoverbot/ros2_ws/build/hoverbot_description': CMAKE_PREFIX_PATH=${CMAKE_PREFIX_PATH}:/home/ryan/hoverbot/ros2_ws/install/hoverbot_driver:/home/ryan/hoverbot/ros2_ws/install/hoverbot_bringup:/opt/ros/humble /usr/bin/cmake --install /home/ryan/hoverbot/ros2_ws/build/hoverbot_description
[3.540s] -- Install configuration: ""
[3.541s] -- Installing: /home/ryan/hoverbot/ros2_ws/install/hoverbot_description/share/hoverbot_description/urdf
[3.541s] -- Installing: /home/ryan/hoverbot/ros2_ws/install/hoverbot_description/share/hoverbot_description/urdf/hoverbot.urdf
[3.543s] -- Installing: /home/ryan/hoverbot/ros2_ws/install/hoverbot_description/share/hoverbot_description/urdf/hoverbot.gazebo.xacro
[3.544s] -- Installing: /home/ryan/hoverbot/ros2_ws/install/hoverbot_description/share/hoverbot_description/meshes
[3.545s] -- Installing: /home/ryan/hoverbot/ros2_ws/install/hoverbot_description/share/hoverbot_description/meshes/.gitkeep
[3.546s] -- Installing: /home/ryan/hoverbot/ros2_ws/install/hoverbot_description/share/hoverbot_description/launch
[3.547s] -- Installing: /home/ryan/hoverbot/ros2_ws/install/hoverbot_description/share/hoverbot_description/launch/gazebo.launch.py
[3.548s] -- Installing: /home/ryan/hoverbot/ros2_ws/install/hoverbot_description/share/hoverbot_description/rviz
[3.548s] -- Installing: /home/ryan/hoverbot/ros2_ws/install/hoverbot_description/share/hoverbot_description/rviz/.gitkeep
[3.550s] -- Installing: /home/ryan/hoverbot/ros2_ws/install/hoverbot_description/share/ament_index/resource_index/package_run_dependencies/hoverbot_description
[3.552s] -- Installing: /home/ryan/hoverbot/ros2_ws/install/hoverbot_description/share/ament_index/resource_index/parent_prefix_path/hoverbot_description
[3.554s] -- Installing: /home/ryan/hoverbot/ros2_ws/install/hoverbot_description/share/hoverbot_description/environment/ament_prefix_path.sh
[3.555s] -- Installing: /home/ryan/hoverbot/ros2_ws/install/hoverbot_description/share/hoverbot_description/environment/ament_prefix_path.dsv
[3.557s] -- Installing: /home/ryan/hoverbot/ros2_ws/install/hoverbot_description/share/hoverbot_description/environment/path.sh
[3.558s] -- Installing: /home/ryan/hoverbot/ros2_ws/install/hoverbot_description/share/hoverbot_description/environment/path.dsv
[3.559s] -- Installing: /home/ryan/hoverbot/ros2_ws/install/hoverbot_description/share/hoverbot_description/local_setup.bash
[3.561s] -- Installing: /home/ryan/hoverbot/ros2_ws/install/hoverbot_description/share/hoverbot_description/local_setup.sh
[3.562s] -- Installing: /home/ryan/hoverbot/ros2_ws/install/hoverbot_description/share/hoverbot_description/local_setup.zsh
[3.564s] -- Installing: /home/ryan/hoverbot/ros2_ws/install/hoverbot_description/share/hoverbot_description/local_setup.dsv
[3.565s] -- Installing: /home/ryan/hoverbot/ros2_ws/install/hoverbot_description/share/hoverbot_description/package.dsv
[3.567s] -- Installing: /home/ryan/hoverbot/ros2_ws/install/hoverbot_description/share/ament_index/resource_index/packages/hoverbot_description
[3.569s] -- Installing: /home/ryan/hoverbot/ros2_ws/install/hoverbot_description/share/hoverbot_description/cmake/hoverbot_descriptionConfig.cmake
[3.570s] -- Installing: /home/ryan/hoverbot/ros2_ws/install/hoverbot_description/share/hoverbot_description/cmake/hoverbot_descriptionConfig-version.cmake
[3.571s] -- Installing: /home/ryan/hoverbot/ros2_ws/install/hoverbot_description/share/hoverbot_description/package.xml
[3.579s] Invoked command in '/home/ryan/hoverbot/ros2_ws/build/hoverbot_description' returned '0': CMAKE_PREFIX_PATH=${CMAKE_PREFIX_PATH}:/home/ryan/hoverbot/ros2_ws/install/hoverbot_driver:/home/ryan/hoverbot/ros2_ws/install/hoverbot_bringup:/opt/ros/humble /usr/bin/cmake --install /home/ryan/hoverbot/ros2_ws/build/hoverbot_description
