[0.427s] DEBUG:colcon:Command line arguments: ['/usr/bin/colcon', 'build']
[0.427s] DEBUG:colcon:Parsed command line arguments: Namespace(log_base=None, log_level=None, verb_name='build', build_base='build', install_base='install', merge_install=False, symlink_install=False, test_result_base=None, continue_on_error=False, executor='parallel', parallel_workers=4, event_handlers=None, ignore_user_meta=False, metas=['./colcon.meta'], base_paths=['.'], packages_ignore=None, packages_ignore_regex=None, paths=None, packages_up_to=None, packages_up_to_regex=None, packages_above=None, packages_above_and_dependencies=None, packages_above_depth=None, packages_select_by_dep=None, packages_skip_by_dep=None, packages_skip_up_to=None, packages_select_build_failed=False, packages_skip_build_finished=False, packages_select_test_failures=False, packages_skip_test_passed=False, packages_select=None, packages_skip=None, packages_select_regex=None, packages_skip_regex=None, packages_start=None, packages_end=None, allow_overriding=[], cmake_args=None, cmake_target=None, cmake_target_skip_unavailable=False, cmake_clean_cache=False, cmake_clean_first=False, cmake_force_configure=False, ament_cmake_args=None, catkin_cmake_args=None, catkin_skip_building_tests=False, verb_parser=<colcon_defaults.argument_parser.defaults.DefaultArgumentsDecorator object at 0xffff8e917a60>, verb_extension=<colcon_core.verb.build.BuildVerb object at 0xffff8eaf1060>, main=<bound method BuildVerb.main of <colcon_core.verb.build.BuildVerb object at 0xffff8eaf1060>>)
[1.223s] Level 1:colcon.colcon_core.package_discovery:discover_packages(colcon_meta) check parameters
[1.224s] Level 1:colcon.colcon_core.package_discovery:discover_packages(recursive) check parameters
[1.224s] Level 1:colcon.colcon_core.package_discovery:discover_packages(ignore) check parameters
[1.224s] Level 1:colcon.colcon_core.package_discovery:discover_packages(path) check parameters
[1.224s] Level 1:colcon.colcon_core.package_discovery:discover_packages(colcon_meta) discover
[1.225s] Level 1:colcon.colcon_core.package_discovery:discover_packages(recursive) discover
[1.225s] INFO:colcon.colcon_core.package_discovery:Crawling recursively for packages in '/home/ryan/hoverbot/ros2_ws'
[1.225s] Level 1:colcon.colcon_core.package_identification:_identify(.) by extensions ['ignore', 'ignore_ament_install']
[1.225s] Level 1:colcon.colcon_core.package_identification:_identify(.) by extension 'ignore'
[1.226s] Level 1:colcon.colcon_core.package_identification:_identify(.) by extension 'ignore_ament_install'
[1.226s] Level 1:colcon.colcon_core.package_identification:_identify(.) by extensions ['colcon_pkg']
[1.226s] Level 1:colcon.colcon_core.package_identification:_identify(.) by extension 'colcon_pkg'
[1.226s] Level 1:colcon.colcon_core.package_identification:_identify(.) by extensions ['colcon_meta']
[1.226s] Level 1:colcon.colcon_core.package_identification:_identify(.) by extension 'colcon_meta'
[1.226s] Level 1:colcon.colcon_core.package_identification:_identify(.) by extensions ['ros']
[1.227s] Level 1:colcon.colcon_core.package_identification:_identify(.) by extension 'ros'
[1.273s] Level 1:colcon.colcon_core.package_identification:_identify(.) by extensions ['cmake', 'python']
[1.273s] Level 1:colcon.colcon_core.package_identification:_identify(.) by extension 'cmake'
[1.274s] Level 1:colcon.colcon_core.package_identification:_identify(.) by extension 'python'
[1.274s] Level 1:colcon.colcon_core.package_identification:_identify(.) by extensions ['python_setup_py']
[1.274s] Level 1:colcon.colcon_core.package_identification:_identify(.) by extension 'python_setup_py'
[1.274s] Level 1:colcon.colcon_core.package_identification:_identify(build) by extensions ['ignore', 'ignore_ament_install']
[1.275s] Level 1:colcon.colcon_core.package_identification:_identify(build) by extension 'ignore'
[1.275s] Level 1:colcon.colcon_core.package_identification:_identify(build) ignored
[1.275s] Level 1:colcon.colcon_core.package_identification:_identify(install) by extensions ['ignore', 'ignore_ament_install']
[1.276s] Level 1:colcon.colcon_core.package_identification:_identify(install) by extension 'ignore'
[1.276s] Level 1:colcon.colcon_core.package_identification:_identify(install) ignored
[1.276s] Level 1:colcon.colcon_core.package_identification:_identify(log) by extensions ['ignore', 'ignore_ament_install']
[1.277s] Level 1:colcon.colcon_core.package_identification:_identify(log) by extension 'ignore'
[1.277s] Level 1:colcon.colcon_core.package_identification:_identify(log) ignored
[1.277s] Level 1:colcon.colcon_core.package_identification:_identify(src) by extensions ['ignore', 'ignore_ament_install']
[1.277s] Level 1:colcon.colcon_core.package_identification:_identify(src) by extension 'ignore'
[1.278s] Level 1:colcon.colcon_core.package_identification:_identify(src) by extension 'ignore_ament_install'
[1.278s] Level 1:colcon.colcon_core.package_identification:_identify(src) by extensions ['colcon_pkg']
[1.278s] Level 1:colcon.colcon_core.package_identification:_identify(src) by extension 'colcon_pkg'
[1.278s] Level 1:colcon.colcon_core.package_identification:_identify(src) by extensions ['colcon_meta']
[1.278s] Level 1:colcon.colcon_core.package_identification:_identify(src) by extension 'colcon_meta'
[1.278s] Level 1:colcon.colcon_core.package_identification:_identify(src) by extensions ['ros']
[1.278s] Level 1:colcon.colcon_core.package_identification:_identify(src) by extension 'ros'
[1.279s] Level 1:colcon.colcon_core.package_identification:_identify(src) by extensions ['cmake', 'python']
[1.279s] Level 1:colcon.colcon_core.package_identification:_identify(src) by extension 'cmake'
[1.279s] Level 1:colcon.colcon_core.package_identification:_identify(src) by extension 'python'
[1.279s] Level 1:colcon.colcon_core.package_identification:_identify(src) by extensions ['python_setup_py']
[1.279s] Level 1:colcon.colcon_core.package_identification:_identify(src) by extension 'python_setup_py'
[1.280s] Level 1:colcon.colcon_core.package_identification:_identify(src/hoverbot_bringup) by extensions ['ignore', 'ignore_ament_install']
[1.280s] Level 1:colcon.colcon_core.package_identification:_identify(src/hoverbot_bringup) by extension 'ignore'
[1.280s] Level 1:colcon.colcon_core.package_identification:_identify(src/hoverbot_bringup) by extension 'ignore_ament_install'
[1.281s] Level 1:colcon.colcon_core.package_identification:_identify(src/hoverbot_bringup) by extensions ['colcon_pkg']
[1.281s] Level 1:colcon.colcon_core.package_identification:_identify(src/hoverbot_bringup) by extension 'colcon_pkg'
[1.281s] Level 1:colcon.colcon_core.package_identification:_identify(src/hoverbot_bringup) by extensions ['colcon_meta']
[1.281s] Level 1:colcon.colcon_core.package_identification:_identify(src/hoverbot_bringup) by extension 'colcon_meta'
[1.281s] Level 1:colcon.colcon_core.package_identification:_identify(src/hoverbot_bringup) by extensions ['ros']
[1.281s] Level 1:colcon.colcon_core.package_identification:_identify(src/hoverbot_bringup) by extension 'ros'
[1.289s] DEBUG:colcon.colcon_core.package_identification:Package 'src/hoverbot_bringup' with type 'ros.ament_cmake' and name 'hoverbot_bringup'
[1.290s] Level 1:colcon.colcon_core.package_identification:_identify(src/hoverbot_description) by extensions ['ignore', 'ignore_ament_install']
[1.290s] Level 1:colcon.colcon_core.package_identification:_identify(src/hoverbot_description) by extension 'ignore'
[1.291s] Level 1:colcon.colcon_core.package_identification:_identify(src/hoverbot_description) by extension 'ignore_ament_install'
[1.291s] Level 1:colcon.colcon_core.package_identification:_identify(src/hoverbot_description) by extensions ['colcon_pkg']
[1.291s] Level 1:colcon.colcon_core.package_identification:_identify(src/hoverbot_description) by extension 'colcon_pkg'
[1.291s] Level 1:colcon.colcon_core.package_identification:_identify(src/hoverbot_description) by extensions ['colcon_meta']
[1.291s] Level 1:colcon.colcon_core.package_identification:_identify(src/hoverbot_description) by extension 'colcon_meta'
[1.292s] Level 1:colcon.colcon_core.package_identification:_identify(src/hoverbot_description) by extensions ['ros']
[1.292s] Level 1:colcon.colcon_core.package_identification:_identify(src/hoverbot_description) by extension 'ros'
[1.294s] DEBUG:colcon.colcon_core.package_identification:Package 'src/hoverbot_description' with type 'ros.ament_cmake' and name 'hoverbot_description'
[1.295s] Level 1:colcon.colcon_core.package_identification:_identify(src/hoverbot_driver) by extensions ['ignore', 'ignore_ament_install']
[1.295s] Level 1:colcon.colcon_core.package_identification:_identify(src/hoverbot_driver) by extension 'ignore'
[1.295s] Level 1:colcon.colcon_core.package_identification:_identify(src/hoverbot_driver) by extension 'ignore_ament_install'
[1.295s] Level 1:colcon.colcon_core.package_identification:_identify(src/hoverbot_driver) by extensions ['colcon_pkg']
[1.295s] Level 1:colcon.colcon_core.package_identification:_identify(src/hoverbot_driver) by extension 'colcon_pkg'
[1.296s] Level 1:colcon.colcon_core.package_identification:_identify(src/hoverbot_driver) by extensions ['colcon_meta']
[1.296s] Level 1:colcon.colcon_core.package_identification:_identify(src/hoverbot_driver) by extension 'colcon_meta'
[1.296s] Level 1:colcon.colcon_core.package_identification:_identify(src/hoverbot_driver) by extensions ['ros']
[1.296s] Level 1:colcon.colcon_core.package_identification:_identify(src/hoverbot_driver) by extension 'ros'
[1.301s] DEBUG:colcon.colcon_core.package_identification:Package 'src/hoverbot_driver' with type 'ros.ament_python' and name 'hoverbot_driver'
[1.301s] Level 1:colcon.colcon_core.package_discovery:discover_packages(recursive) using defaults
[1.301s] Level 1:colcon.colcon_core.package_discovery:discover_packages(ignore) discover
[1.301s] Level 1:colcon.colcon_core.package_discovery:discover_packages(ignore) using defaults
[1.301s] Level 1:colcon.colcon_core.package_discovery:discover_packages(path) discover
[1.301s] Level 1:colcon.colcon_core.package_discovery:discover_packages(path) using defaults
[1.381s] Level 1:colcon.colcon_core.package_discovery:discover_packages(prefix_path) check parameters
[1.382s] Level 1:colcon.colcon_core.package_discovery:discover_packages(prefix_path) discover
[1.386s] WARNING:colcon.colcon_ros.prefix_path.ament:The path '/home/ryan/hoverbot/ros2_ws/install/hoverbot_driver' in the environment variable AMENT_PREFIX_PATH doesn't exist
[1.386s] WARNING:colcon.colcon_ros.prefix_path.ament:The path '/home/ryan/hoverbot/ros2_ws/install/hoverbot_description' in the environment variable AMENT_PREFIX_PATH doesn't exist
[1.386s] WARNING:colcon.colcon_ros.prefix_path.ament:The path '/home/ryan/hoverbot/ros2_ws/install/hoverbot_bringup' in the environment variable AMENT_PREFIX_PATH doesn't exist
[1.387s] WARNING:colcon.colcon_ros.prefix_path.catkin:The path '/home/ryan/hoverbot/ros2_ws/install/hoverbot_description' in the environment variable CMAKE_PREFIX_PATH doesn't exist
[1.389s] DEBUG:colcon.colcon_installed_package_information.package_discovery:Found 0 installed packages in /home/ryan/hoverbot/ros2_ws/install
[1.400s] DEBUG:colcon.colcon_installed_package_information.package_discovery:Found 337 installed packages in /opt/ros/humble
[1.443s] Level 1:colcon.colcon_core.package_discovery:discover_packages(prefix_path) using defaults
[1.635s] Level 5:colcon.colcon_core.verb:set package 'hoverbot_description' build argument 'cmake_args' from command line to 'None'
[1.635s] Level 5:colcon.colcon_core.verb:set package 'hoverbot_description' build argument 'cmake_target' from command line to 'None'
[1.635s] Level 5:colcon.colcon_core.verb:set package 'hoverbot_description' build argument 'cmake_target_skip_unavailable' from command line to 'False'
[1.636s] Level 5:colcon.colcon_core.verb:set package 'hoverbot_description' build argument 'cmake_clean_cache' from command line to 'False'
[1.636s] Level 5:colcon.colcon_core.verb:set package 'hoverbot_description' build argument 'cmake_clean_first' from command line to 'False'
[1.636s] Level 5:colcon.colcon_core.verb:set package 'hoverbot_description' build argument 'cmake_force_configure' from command line to 'False'
[1.636s] Level 5:colcon.colcon_core.verb:set package 'hoverbot_description' build argument 'ament_cmake_args' from command line to 'None'
[1.636s] Level 5:colcon.colcon_core.verb:set package 'hoverbot_description' build argument 'catkin_cmake_args' from command line to 'None'
[1.636s] Level 5:colcon.colcon_core.verb:set package 'hoverbot_description' build argument 'catkin_skip_building_tests' from command line to 'False'
[1.636s] DEBUG:colcon.colcon_core.verb:Building package 'hoverbot_description' with the following arguments: {'ament_cmake_args': None, 'build_base': '/home/ryan/hoverbot/ros2_ws/build/hoverbot_description', 'catkin_cmake_args': None, 'catkin_skip_building_tests': False, 'cmake_args': None, 'cmake_clean_cache': False, 'cmake_clean_first': False, 'cmake_force_configure': False, 'cmake_target': None, 'cmake_target_skip_unavailable': False, 'install_base': '/home/ryan/hoverbot/ros2_ws/install/hoverbot_description', 'merge_install': False, 'path': '/home/ryan/hoverbot/ros2_ws/src/hoverbot_description', 'symlink_install': False, 'test_result_base': None}
[1.638s] Level 5:colcon.colcon_core.verb:set package 'hoverbot_driver' build argument 'cmake_args' from command line to 'None'
[1.638s] Level 5:colcon.colcon_core.verb:set package 'hoverbot_driver' build argument 'cmake_target' from command line to 'None'
[1.638s] Level 5:colcon.colcon_core.verb:set package 'hoverbot_driver' build argument 'cmake_target_skip_unavailable' from command line to 'False'
[1.638s] Level 5:colcon.colcon_core.verb:set package 'hoverbot_driver' build argument 'cmake_clean_cache' from command line to 'False'
[1.638s] Level 5:colcon.colcon_core.verb:set package 'hoverbot_driver' build argument 'cmake_clean_first' from command line to 'False'
[1.638s] Level 5:colcon.colcon_core.verb:set package 'hoverbot_driver' build argument 'cmake_force_configure' from command line to 'False'
[1.638s] Level 5:colcon.colcon_core.verb:set package 'hoverbot_driver' build argument 'ament_cmake_args' from command line to 'None'
[1.638s] Level 5:colcon.colcon_core.verb:set package 'hoverbot_driver' build argument 'catkin_cmake_args' from command line to 'None'
[1.638s] Level 5:colcon.colcon_core.verb:set package 'hoverbot_driver' build argument 'catkin_skip_building_tests' from command line to 'False'
[1.639s] DEBUG:colcon.colcon_core.verb:Building package 'hoverbot_driver' with the following arguments: {'ament_cmake_args': None, 'build_base': '/home/ryan/hoverbot/ros2_ws/build/hoverbot_driver', 'catkin_cmake_args': None, 'catkin_skip_building_tests': False, 'cmake_args': None, 'cmake_clean_cache': False, 'cmake_clean_first': False, 'cmake_force_configure': False, 'cmake_target': None, 'cmake_target_skip_unavailable': False, 'install_base': '/home/ryan/hoverbot/ros2_ws/install/hoverbot_driver', 'merge_install': False, 'path': '/home/ryan/hoverbot/ros2_ws/src/hoverbot_driver', 'symlink_install': False, 'test_result_base': None}
[1.640s] Level 5:colcon.colcon_core.verb:set package 'hoverbot_bringup' build argument 'cmake_args' from command line to 'None'
[1.640s] Level 5:colcon.colcon_core.verb:set package 'hoverbot_bringup' build argument 'cmake_target' from command line to 'None'
[1.640s] Level 5:colcon.colcon_core.verb:set package 'hoverbot_bringup' build argument 'cmake_target_skip_unavailable' from command line to 'False'
[1.640s] Level 5:colcon.colcon_core.verb:set package 'hoverbot_bringup' build argument 'cmake_clean_cache' from command line to 'False'
[1.640s] Level 5:colcon.colcon_core.verb:set package 'hoverbot_bringup' build argument 'cmake_clean_first' from command line to 'False'
[1.641s] Level 5:colcon.colcon_core.verb:set package 'hoverbot_bringup' build argument 'cmake_force_configure' from command line to 'False'
[1.641s] Level 5:colcon.colcon_core.verb:set package 'hoverbot_bringup' build argument 'ament_cmake_args' from command line to 'None'
[1.641s] Level 5:colcon.colcon_core.verb:set package 'hoverbot_bringup' build argument 'catkin_cmake_args' from command line to 'None'
[1.641s] Level 5:colcon.colcon_core.verb:set package 'hoverbot_bringup' build argument 'catkin_skip_building_tests' from command line to 'False'
[1.641s] DEBUG:colcon.colcon_core.verb:Building package 'hoverbot_bringup' with the following arguments: {'ament_cmake_args': None, 'build_base': '/home/ryan/hoverbot/ros2_ws/build/hoverbot_bringup', 'catkin_cmake_args': None, 'catkin_skip_building_tests': False, 'cmake_args': None, 'cmake_clean_cache': False, 'cmake_clean_first': False, 'cmake_force_configure': False, 'cmake_target': None, 'cmake_target_skip_unavailable': False, 'install_base': '/home/ryan/hoverbot/ros2_ws/install/hoverbot_bringup', 'merge_install': False, 'path': '/home/ryan/hoverbot/ros2_ws/src/hoverbot_bringup', 'symlink_install': False, 'test_result_base': None}
[1.641s] INFO:colcon.colcon_core.executor:Executing jobs using 'parallel' executor
[1.645s] DEBUG:colcon.colcon_parallel_executor.executor.parallel:run_until_complete
[1.645s] INFO:colcon.colcon_ros.task.ament_cmake.build:Building ROS package in '/home/ryan/hoverbot/ros2_ws/src/hoverbot_description' with build type 'ament_cmake'
[1.646s] INFO:colcon.colcon_cmake.task.cmake.build:Building CMake package in '/home/ryan/hoverbot/ros2_ws/src/hoverbot_description'
[1.654s] INFO:colcon.colcon_core.plugin_system:Skipping extension 'colcon_core.shell.bat': Not used on non-Windows systems
[1.655s] INFO:colcon.colcon_core.shell:Skip shell extension 'powershell' for command environment: Not usable outside of PowerShell
[1.655s] DEBUG:colcon.colcon_core.shell:Skip shell extension 'dsv' for command environment
[1.674s] INFO:colcon.colcon_ros.task.ament_python.build:Building ROS package in '/home/ryan/hoverbot/ros2_ws/src/hoverbot_driver' with build type 'ament_python'
[1.675s] Level 1:colcon.colcon_core.shell:create_environment_hook('hoverbot_driver', 'ament_prefix_path')
[1.676s] INFO:colcon.colcon_core.shell:Creating environment hook '/home/ryan/hoverbot/ros2_ws/install/hoverbot_driver/share/hoverbot_driver/hook/ament_prefix_path.ps1'
[1.680s] INFO:colcon.colcon_core.shell:Creating environment descriptor '/home/ryan/hoverbot/ros2_ws/install/hoverbot_driver/share/hoverbot_driver/hook/ament_prefix_path.dsv'
[1.682s] INFO:colcon.colcon_core.shell:Creating environment hook '/home/ryan/hoverbot/ros2_ws/install/hoverbot_driver/share/hoverbot_driver/hook/ament_prefix_path.sh'
[1.685s] INFO:colcon.colcon_core.shell:Skip shell extension 'powershell' for command environment: Not usable outside of PowerShell
[1.686s] DEBUG:colcon.colcon_core.shell:Skip shell extension 'dsv' for command environment
[1.714s] DEBUG:colcon.colcon_core.event_handler.log_command:Invoking command in '/home/ryan/hoverbot/ros2_ws/build/hoverbot_description': CMAKE_PREFIX_PATH=${CMAKE_PREFIX_PATH}:/home/ryan/hoverbot/ros2_ws/install/hoverbot_driver:/home/ryan/hoverbot/ros2_ws/install/hoverbot_bringup:/opt/ros/humble /usr/bin/cmake /home/ryan/hoverbot/ros2_ws/src/hoverbot_description -DCMAKE_INSTALL_PREFIX=/home/ryan/hoverbot/ros2_ws/install/hoverbot_description
[3.161s] INFO:colcon.colcon_core.task.python.build:Building Python package in '/home/ryan/hoverbot/ros2_ws/src/hoverbot_driver'
[3.162s] INFO:colcon.colcon_core.shell:Skip shell extension 'powershell' for command environment: Not usable outside of PowerShell
[3.162s] DEBUG:colcon.colcon_core.shell:Skip shell extension 'dsv' for command environment
[4.922s] DEBUG:colcon.colcon_core.event_handler.log_command:Invoked command in '/home/ryan/hoverbot/ros2_ws/build/hoverbot_description' returned '0': CMAKE_PREFIX_PATH=${CMAKE_PREFIX_PATH}:/home/ryan/hoverbot/ros2_ws/install/hoverbot_driver:/home/ryan/hoverbot/ros2_ws/install/hoverbot_bringup:/opt/ros/humble /usr/bin/cmake /home/ryan/hoverbot/ros2_ws/src/hoverbot_description -DCMAKE_INSTALL_PREFIX=/home/ryan/hoverbot/ros2_ws/install/hoverbot_description
[4.933s] DEBUG:colcon.colcon_core.event_handler.log_command:Invoking command in '/home/ryan/hoverbot/ros2_ws/build/hoverbot_description': CMAKE_PREFIX_PATH=${CMAKE_PREFIX_PATH}:/home/ryan/hoverbot/ros2_ws/install/hoverbot_driver:/home/ryan/hoverbot/ros2_ws/install/hoverbot_bringup:/opt/ros/humble /usr/bin/cmake --build /home/ryan/hoverbot/ros2_ws/build/hoverbot_description -- -j4 -l4
[5.119s] DEBUG:colcon.colcon_core.event_handler.log_command:Invoked command in '/home/ryan/hoverbot/ros2_ws/build/hoverbot_description' returned '0': CMAKE_PREFIX_PATH=${CMAKE_PREFIX_PATH}:/home/ryan/hoverbot/ros2_ws/install/hoverbot_driver:/home/ryan/hoverbot/ros2_ws/install/hoverbot_bringup:/opt/ros/humble /usr/bin/cmake --build /home/ryan/hoverbot/ros2_ws/build/hoverbot_description -- -j4 -l4
[5.158s] DEBUG:colcon.colcon_core.event_handler.log_command:Invoking command in '/home/ryan/hoverbot/ros2_ws/build/hoverbot_description': CMAKE_PREFIX_PATH=${CMAKE_PREFIX_PATH}:/home/ryan/hoverbot/ros2_ws/install/hoverbot_driver:/home/ryan/hoverbot/ros2_ws/install/hoverbot_bringup:/opt/ros/humble /usr/bin/cmake --install /home/ryan/hoverbot/ros2_ws/build/hoverbot_description
[5.177s] DEBUG:colcon.colcon_core.event_handler.log_command:Invoking command in '/home/ryan/hoverbot/ros2_ws/src/hoverbot_driver': PYTHONPATH=/home/ryan/hoverbot/ros2_ws/build/hoverbot_driver/prefix_override:/usr/lib/python3/dist-packages/colcon_core/task/python/colcon_distutils_commands:/home/ryan/hoverbot/ros2_ws/install/hoverbot_driver/lib/python3.10/site-packages:${PYTHONPATH} /usr/bin/python3 -W ignore:setup.py install is deprecated -W ignore:easy_install command is deprecated setup.py egg_info --egg-base ../../build/hoverbot_driver build --build-base /home/ryan/hoverbot/ros2_ws/build/hoverbot_driver/build install --record /home/ryan/hoverbot/ros2_ws/build/hoverbot_driver/install.log --single-version-externally-managed install_data
[5.225s] Level 1:colcon.colcon_core.environment:create_environment_scripts_only(hoverbot_description)
[5.227s] DEBUG:colcon.colcon_core.event_handler.log_command:Invoked command in '/home/ryan/hoverbot/ros2_ws/build/hoverbot_description' returned '0': CMAKE_PREFIX_PATH=${CMAKE_PREFIX_PATH}:/home/ryan/hoverbot/ros2_ws/install/hoverbot_driver:/home/ryan/hoverbot/ros2_ws/install/hoverbot_bringup:/opt/ros/humble /usr/bin/cmake --install /home/ryan/hoverbot/ros2_ws/build/hoverbot_description
[5.240s] Level 1:colcon.colcon_core.environment:checking '/home/ryan/hoverbot/ros2_ws/install/hoverbot_description' for CMake module files
[5.243s] Level 1:colcon.colcon_core.environment:checking '/home/ryan/hoverbot/ros2_ws/install/hoverbot_description' for CMake config files
[5.244s] Level 1:colcon.colcon_core.shell:create_environment_hook('hoverbot_description', 'cmake_prefix_path')
[5.245s] INFO:colcon.colcon_core.shell:Creating environment hook '/home/ryan/hoverbot/ros2_ws/install/hoverbot_description/share/hoverbot_description/hook/cmake_prefix_path.ps1'
[5.247s] INFO:colcon.colcon_core.shell:Creating environment descriptor '/home/ryan/hoverbot/ros2_ws/install/hoverbot_description/share/hoverbot_description/hook/cmake_prefix_path.dsv'
[5.249s] INFO:colcon.colcon_core.shell:Creating environment hook '/home/ryan/hoverbot/ros2_ws/install/hoverbot_description/share/hoverbot_description/hook/cmake_prefix_path.sh'
[5.252s] Level 1:colcon.colcon_core.environment:checking '/home/ryan/hoverbot/ros2_ws/install/hoverbot_description/bin'
[5.253s] Level 1:colcon.colcon_core.environment:checking '/home/ryan/hoverbot/ros2_ws/install/hoverbot_description/lib/pkgconfig/hoverbot_description.pc'
[5.254s] Level 1:colcon.colcon_core.environment:checking '/home/ryan/hoverbot/ros2_ws/install/hoverbot_description/lib/python3.10/site-packages'
[5.255s] Level 1:colcon.colcon_core.environment:checking '/home/ryan/hoverbot/ros2_ws/install/hoverbot_description/bin'
[5.256s] INFO:colcon.colcon_core.shell:Creating package script '/home/ryan/hoverbot/ros2_ws/install/hoverbot_description/share/hoverbot_description/package.ps1'
[5.259s] INFO:colcon.colcon_core.shell:Creating package descriptor '/home/ryan/hoverbot/ros2_ws/install/hoverbot_description/share/hoverbot_description/package.dsv'
[5.262s] INFO:colcon.colcon_core.shell:Creating package script '/home/ryan/hoverbot/ros2_ws/install/hoverbot_description/share/hoverbot_description/package.sh'
[5.265s] INFO:colcon.colcon_core.shell:Creating package script '/home/ryan/hoverbot/ros2_ws/install/hoverbot_description/share/hoverbot_description/package.bash'
[5.269s] INFO:colcon.colcon_core.shell:Creating package script '/home/ryan/hoverbot/ros2_ws/install/hoverbot_description/share/hoverbot_description/package.zsh'
[5.272s] Level 1:colcon.colcon_core.environment:create_file_with_runtime_dependencies(/home/ryan/hoverbot/ros2_ws/install/hoverbot_description/share/colcon-core/packages/hoverbot_description)
[5.274s] Level 1:colcon.colcon_core.environment:create_environment_scripts_only(hoverbot_description)
[5.275s] Level 1:colcon.colcon_core.environment:checking '/home/ryan/hoverbot/ros2_ws/install/hoverbot_description' for CMake module files
[5.279s] Level 1:colcon.colcon_core.environment:checking '/home/ryan/hoverbot/ros2_ws/install/hoverbot_description' for CMake config files
[5.281s] Level 1:colcon.colcon_core.shell:create_environment_hook('hoverbot_description', 'cmake_prefix_path')
[5.282s] INFO:colcon.colcon_core.shell:Creating environment hook '/home/ryan/hoverbot/ros2_ws/install/hoverbot_description/share/hoverbot_description/hook/cmake_prefix_path.ps1'
[5.284s] INFO:colcon.colcon_core.shell:Creating environment descriptor '/home/ryan/hoverbot/ros2_ws/install/hoverbot_description/share/hoverbot_description/hook/cmake_prefix_path.dsv'
[5.286s] INFO:colcon.colcon_core.shell:Creating environment hook '/home/ryan/hoverbot/ros2_ws/install/hoverbot_description/share/hoverbot_description/hook/cmake_prefix_path.sh'
[5.289s] Level 1:colcon.colcon_core.environment:checking '/home/ryan/hoverbot/ros2_ws/install/hoverbot_description/bin'
[5.290s] Level 1:colcon.colcon_core.environment:checking '/home/ryan/hoverbot/ros2_ws/install/hoverbot_description/lib/pkgconfig/hoverbot_description.pc'
[5.291s] Level 1:colcon.colcon_core.environment:checking '/home/ryan/hoverbot/ros2_ws/install/hoverbot_description/lib/python3.10/site-packages'
[5.292s] Level 1:colcon.colcon_core.environment:checking '/home/ryan/hoverbot/ros2_ws/install/hoverbot_description/bin'
[5.294s] INFO:colcon.colcon_core.shell:Creating package script '/home/ryan/hoverbot/ros2_ws/install/hoverbot_description/share/hoverbot_description/package.ps1'
[5.296s] INFO:colcon.colcon_core.shell:Creating package descriptor '/home/ryan/hoverbot/ros2_ws/install/hoverbot_description/share/hoverbot_description/package.dsv'
[5.299s] INFO:colcon.colcon_core.shell:Creating package script '/home/ryan/hoverbot/ros2_ws/install/hoverbot_description/share/hoverbot_description/package.sh'
[5.301s] INFO:colcon.colcon_core.shell:Creating package script '/home/ryan/hoverbot/ros2_ws/install/hoverbot_description/share/hoverbot_description/package.bash'
[5.304s] INFO:colcon.colcon_core.shell:Creating package script '/home/ryan/hoverbot/ros2_ws/install/hoverbot_description/share/hoverbot_description/package.zsh'
[5.306s] Level 1:colcon.colcon_core.environment:create_file_with_runtime_dependencies(/home/ryan/hoverbot/ros2_ws/install/hoverbot_description/share/colcon-core/packages/hoverbot_description)
[5.308s] INFO:colcon.colcon_ros.task.ament_cmake.build:Building ROS package in '/home/ryan/hoverbot/ros2_ws/src/hoverbot_bringup' with build type 'ament_cmake'
[5.308s] INFO:colcon.colcon_cmake.task.cmake.build:Building CMake package in '/home/ryan/hoverbot/ros2_ws/src/hoverbot_bringup'
[5.310s] INFO:colcon.colcon_core.shell:Skip shell extension 'powershell' for command environment: Not usable outside of PowerShell
[5.310s] DEBUG:colcon.colcon_core.shell:Skip shell extension 'dsv' for command environment
[5.356s] DEBUG:colcon.colcon_core.event_handler.log_command:Invoking command in '/home/ryan/hoverbot/ros2_ws/build/hoverbot_bringup': CMAKE_PREFIX_PATH=${CMAKE_PREFIX_PATH}:/home/ryan/hoverbot/ros2_ws/install/hoverbot_driver:/home/ryan/hoverbot/ros2_ws/install/hoverbot_bringup:/opt/ros/humble /usr/bin/cmake /home/ryan/hoverbot/ros2_ws/src/hoverbot_bringup -DCMAKE_INSTALL_PREFIX=/home/ryan/hoverbot/ros2_ws/install/hoverbot_bringup
[6.824s] Level 1:colcon.colcon_core.environment:checking '/home/ryan/hoverbot/ros2_ws/install/hoverbot_driver' for CMake module files
[6.826s] DEBUG:colcon.colcon_core.event_handler.log_command:Invoked command in '/home/ryan/hoverbot/ros2_ws/src/hoverbot_driver' returned '0': PYTHONPATH=/home/ryan/hoverbot/ros2_ws/build/hoverbot_driver/prefix_override:/usr/lib/python3/dist-packages/colcon_core/task/python/colcon_distutils_commands:/home/ryan/hoverbot/ros2_ws/install/hoverbot_driver/lib/python3.10/site-packages:${PYTHONPATH} /usr/bin/python3 -W ignore:setup.py install is deprecated -W ignore:easy_install command is deprecated setup.py egg_info --egg-base ../../build/hoverbot_driver build --build-base /home/ryan/hoverbot/ros2_ws/build/hoverbot_driver/build install --record /home/ryan/hoverbot/ros2_ws/build/hoverbot_driver/install.log --single-version-externally-managed install_data
[6.827s] Level 1:colcon.colcon_core.environment:checking '/home/ryan/hoverbot/ros2_ws/install/hoverbot_driver' for CMake config files
[6.831s] Level 1:colcon.colcon_core.environment:checking '/home/ryan/hoverbot/ros2_ws/install/hoverbot_driver/lib'
[6.832s] Level 1:colcon.colcon_core.environment:checking '/home/ryan/hoverbot/ros2_ws/install/hoverbot_driver/bin'
[6.833s] Level 1:colcon.colcon_core.environment:checking '/home/ryan/hoverbot/ros2_ws/install/hoverbot_driver/lib/pkgconfig/hoverbot_driver.pc'
[6.834s] Level 1:colcon.colcon_core.environment:checking '/home/ryan/hoverbot/ros2_ws/install/hoverbot_driver/lib/python3.10/site-packages'
[6.834s] Level 1:colcon.colcon_core.shell:create_environment_hook('hoverbot_driver', 'pythonpath')
[6.835s] INFO:colcon.colcon_core.shell:Creating environment hook '/home/ryan/hoverbot/ros2_ws/install/hoverbot_driver/share/hoverbot_driver/hook/pythonpath.ps1'
[6.837s] INFO:colcon.colcon_core.shell:Creating environment descriptor '/home/ryan/hoverbot/ros2_ws/install/hoverbot_driver/share/hoverbot_driver/hook/pythonpath.dsv'
[6.839s] INFO:colcon.colcon_core.shell:Creating environment hook '/home/ryan/hoverbot/ros2_ws/install/hoverbot_driver/share/hoverbot_driver/hook/pythonpath.sh'
[6.844s] Level 1:colcon.colcon_core.environment:checking '/home/ryan/hoverbot/ros2_ws/install/hoverbot_driver/bin'
[6.844s] Level 1:colcon.colcon_core.environment:create_environment_scripts_only(hoverbot_driver)
[6.845s] INFO:colcon.colcon_core.shell:Creating package script '/home/ryan/hoverbot/ros2_ws/install/hoverbot_driver/share/hoverbot_driver/package.ps1'
[6.848s] INFO:colcon.colcon_core.shell:Creating package descriptor '/home/ryan/hoverbot/ros2_ws/install/hoverbot_driver/share/hoverbot_driver/package.dsv'
[6.850s] INFO:colcon.colcon_core.shell:Creating package script '/home/ryan/hoverbot/ros2_ws/install/hoverbot_driver/share/hoverbot_driver/package.sh'
[6.852s] INFO:colcon.colcon_core.shell:Creating package script '/home/ryan/hoverbot/ros2_ws/install/hoverbot_driver/share/hoverbot_driver/package.bash'
[6.854s] INFO:colcon.colcon_core.shell:Creating package script '/home/ryan/hoverbot/ros2_ws/install/hoverbot_driver/share/hoverbot_driver/package.zsh'
[6.855s] Level 1:colcon.colcon_core.environment:create_file_with_runtime_dependencies(/home/ryan/hoverbot/ros2_ws/install/hoverbot_driver/share/colcon-core/packages/hoverbot_driver)
[8.455s] DEBUG:colcon.colcon_core.event_handler.log_command:Invoked command in '/home/ryan/hoverbot/ros2_ws/build/hoverbot_bringup' returned '0': CMAKE_PREFIX_PATH=${CMAKE_PREFIX_PATH}:/home/ryan/hoverbot/ros2_ws/install/hoverbot_driver:/home/ryan/hoverbot/ros2_ws/install/hoverbot_bringup:/opt/ros/humble /usr/bin/cmake /home/ryan/hoverbot/ros2_ws/src/hoverbot_bringup -DCMAKE_INSTALL_PREFIX=/home/ryan/hoverbot/ros2_ws/install/hoverbot_bringup
[8.464s] DEBUG:colcon.colcon_core.event_handler.log_command:Invoking command in '/home/ryan/hoverbot/ros2_ws/build/hoverbot_bringup': CMAKE_PREFIX_PATH=${CMAKE_PREFIX_PATH}:/home/ryan/hoverbot/ros2_ws/install/hoverbot_driver:/home/ryan/hoverbot/ros2_ws/install/hoverbot_bringup:/opt/ros/humble /usr/bin/cmake --build /home/ryan/hoverbot/ros2_ws/build/hoverbot_bringup -- -j4 -l4
[8.608s] DEBUG:colcon.colcon_core.event_handler.log_command:Invoked command in '/home/ryan/hoverbot/ros2_ws/build/hoverbot_bringup' returned '0': CMAKE_PREFIX_PATH=${CMAKE_PREFIX_PATH}:/home/ryan/hoverbot/ros2_ws/install/hoverbot_driver:/home/ryan/hoverbot/ros2_ws/install/hoverbot_bringup:/opt/ros/humble /usr/bin/cmake --build /home/ryan/hoverbot/ros2_ws/build/hoverbot_bringup -- -j4 -l4
[8.619s] DEBUG:colcon.colcon_core.event_handler.log_command:Invoking command in '/home/ryan/hoverbot/ros2_ws/build/hoverbot_bringup': CMAKE_PREFIX_PATH=${CMAKE_PREFIX_PATH}:/home/ryan/hoverbot/ros2_ws/install/hoverbot_driver:/home/ryan/hoverbot/ros2_ws/install/hoverbot_bringup:/opt/ros/humble /usr/bin/cmake --install /home/ryan/hoverbot/ros2_ws/build/hoverbot_bringup
[8.672s] Level 1:colcon.colcon_core.environment:create_environment_scripts_only(hoverbot_bringup)
[8.673s] Level 1:colcon.colcon_core.environment:checking '/home/ryan/hoverbot/ros2_ws/install/hoverbot_bringup' for CMake module files
[8.675s] DEBUG:colcon.colcon_core.event_handler.log_command:Invoked command in '/home/ryan/hoverbot/ros2_ws/build/hoverbot_bringup' returned '0': CMAKE_PREFIX_PATH=${CMAKE_PREFIX_PATH}:/home/ryan/hoverbot/ros2_ws/install/hoverbot_driver:/home/ryan/hoverbot/ros2_ws/install/hoverbot_bringup:/opt/ros/humble /usr/bin/cmake --install /home/ryan/hoverbot/ros2_ws/build/hoverbot_bringup
[8.677s] Level 1:colcon.colcon_core.environment:checking '/home/ryan/hoverbot/ros2_ws/install/hoverbot_bringup' for CMake config files
[8.677s] Level 1:colcon.colcon_core.shell:create_environment_hook('hoverbot_bringup', 'cmake_prefix_path')
[8.678s] INFO:colcon.colcon_core.shell:Creating environment hook '/home/ryan/hoverbot/ros2_ws/install/hoverbot_bringup/share/hoverbot_bringup/hook/cmake_prefix_path.ps1'
[8.680s] INFO:colcon.colcon_core.shell:Creating environment descriptor '/home/ryan/hoverbot/ros2_ws/install/hoverbot_bringup/share/hoverbot_bringup/hook/cmake_prefix_path.dsv'
[8.682s] INFO:colcon.colcon_core.shell:Creating environment hook '/home/ryan/hoverbot/ros2_ws/install/hoverbot_bringup/share/hoverbot_bringup/hook/cmake_prefix_path.sh'
[8.684s] Level 1:colcon.colcon_core.environment:checking '/home/ryan/hoverbot/ros2_ws/install/hoverbot_bringup/bin'
[8.684s] Level 1:colcon.colcon_core.environment:checking '/home/ryan/hoverbot/ros2_ws/install/hoverbot_bringup/lib/pkgconfig/hoverbot_bringup.pc'
[8.685s] Level 1:colcon.colcon_core.environment:checking '/home/ryan/hoverbot/ros2_ws/install/hoverbot_bringup/lib/python3.10/site-packages'
[8.686s] Level 1:colcon.colcon_core.environment:checking '/home/ryan/hoverbot/ros2_ws/install/hoverbot_bringup/bin'
[8.688s] INFO:colcon.colcon_core.shell:Creating package script '/home/ryan/hoverbot/ros2_ws/install/hoverbot_bringup/share/hoverbot_bringup/package.ps1'
[8.690s] INFO:colcon.colcon_core.shell:Creating package descriptor '/home/ryan/hoverbot/ros2_ws/install/hoverbot_bringup/share/hoverbot_bringup/package.dsv'
[8.691s] INFO:colcon.colcon_core.shell:Creating package script '/home/ryan/hoverbot/ros2_ws/install/hoverbot_bringup/share/hoverbot_bringup/package.sh'
[8.693s] INFO:colcon.colcon_core.shell:Creating package script '/home/ryan/hoverbot/ros2_ws/install/hoverbot_bringup/share/hoverbot_bringup/package.bash'
[8.695s] INFO:colcon.colcon_core.shell:Creating package script '/home/ryan/hoverbot/ros2_ws/install/hoverbot_bringup/share/hoverbot_bringup/package.zsh'
[8.696s] Level 1:colcon.colcon_core.environment:create_file_with_runtime_dependencies(/home/ryan/hoverbot/ros2_ws/install/hoverbot_bringup/share/colcon-core/packages/hoverbot_bringup)
[8.700s] Level 1:colcon.colcon_core.environment:create_environment_scripts_only(hoverbot_bringup)
[8.700s] Level 1:colcon.colcon_core.environment:checking '/home/ryan/hoverbot/ros2_ws/install/hoverbot_bringup' for CMake module files
[8.703s] Level 1:colcon.colcon_core.environment:checking '/home/ryan/hoverbot/ros2_ws/install/hoverbot_bringup' for CMake config files
[8.704s] Level 1:colcon.colcon_core.shell:create_environment_hook('hoverbot_bringup', 'cmake_prefix_path')
[8.705s] INFO:colcon.colcon_core.shell:Creating environment hook '/home/ryan/hoverbot/ros2_ws/install/hoverbot_bringup/share/hoverbot_bringup/hook/cmake_prefix_path.ps1'
[8.707s] INFO:colcon.colcon_core.shell:Creating environment descriptor '/home/ryan/hoverbot/ros2_ws/install/hoverbot_bringup/share/hoverbot_bringup/hook/cmake_prefix_path.dsv'
[8.709s] INFO:colcon.colcon_core.shell:Creating environment hook '/home/ryan/hoverbot/ros2_ws/install/hoverbot_bringup/share/hoverbot_bringup/hook/cmake_prefix_path.sh'
[8.711s] Level 1:colcon.colcon_core.environment:checking '/home/ryan/hoverbot/ros2_ws/install/hoverbot_bringup/bin'
[8.712s] Level 1:colcon.colcon_core.environment:checking '/home/ryan/hoverbot/ros2_ws/install/hoverbot_bringup/lib/pkgconfig/hoverbot_bringup.pc'
[8.713s] Level 1:colcon.colcon_core.environment:checking '/home/ryan/hoverbot/ros2_ws/install/hoverbot_bringup/lib/python3.10/site-packages'
[8.714s] Level 1:colcon.colcon_core.environment:checking '/home/ryan/hoverbot/ros2_ws/install/hoverbot_bringup/bin'
[8.715s] INFO:colcon.colcon_core.shell:Creating package script '/home/ryan/hoverbot/ros2_ws/install/hoverbot_bringup/share/hoverbot_bringup/package.ps1'
[8.717s] INFO:colcon.colcon_core.shell:Creating package descriptor '/home/ryan/hoverbot/ros2_ws/install/hoverbot_bringup/share/hoverbot_bringup/package.dsv'
[8.719s] INFO:colcon.colcon_core.shell:Creating package script '/home/ryan/hoverbot/ros2_ws/install/hoverbot_bringup/share/hoverbot_bringup/package.sh'
[8.722s] INFO:colcon.colcon_core.shell:Creating package script '/home/ryan/hoverbot/ros2_ws/install/hoverbot_bringup/share/hoverbot_bringup/package.bash'
[8.724s] INFO:colcon.colcon_core.shell:Creating package script '/home/ryan/hoverbot/ros2_ws/install/hoverbot_bringup/share/hoverbot_bringup/package.zsh'
[8.726s] Level 1:colcon.colcon_core.environment:create_file_with_runtime_dependencies(/home/ryan/hoverbot/ros2_ws/install/hoverbot_bringup/share/colcon-core/packages/hoverbot_bringup)
[8.727s] DEBUG:colcon.colcon_parallel_executor.executor.parallel:closing loop
[8.728s] DEBUG:colcon.colcon_parallel_executor.executor.parallel:loop closed
[8.729s] DEBUG:colcon.colcon_parallel_executor.executor.parallel:run_until_complete finished with '0'
[8.729s] DEBUG:colcon.colcon_core.event_reactor:joining thread
[8.748s] INFO:colcon.colcon_core.plugin_system:Skipping extension 'colcon_notification.desktop_notification.notify_send': Could not find 'notify-send'
[8.748s] INFO:colcon.colcon_core.plugin_system:Skipping extension 'colcon_notification.desktop_notification.terminal_notifier': Not used on non-Darwin systems
[8.748s] INFO:colcon.colcon_core.plugin_system:Skipping extension 'colcon_notification.desktop_notification.win32': Not used on non-Windows systems
[8.748s] INFO:colcon.colcon_notification.desktop_notification:Sending desktop notification using 'notify2'
[8.751s] DEBUG:colcon.colcon_notification.desktop_notification.notify2:Failed to initialize notify2: org.freedesktop.DBus.Error.ServiceUnknown: The name org.freedesktop.Notifications was not provided by any .service files
[8.752s] DEBUG:colcon.colcon_core.event_reactor:joined thread
[8.753s] INFO:colcon.colcon_core.shell:Creating prefix script '/home/ryan/hoverbot/ros2_ws/install/local_setup.ps1'
[8.756s] INFO:colcon.colcon_core.shell:Creating prefix util module '/home/ryan/hoverbot/ros2_ws/install/_local_setup_util_ps1.py'
[8.762s] INFO:colcon.colcon_core.shell:Creating prefix chain script '/home/ryan/hoverbot/ros2_ws/install/setup.ps1'
[8.766s] INFO:colcon.colcon_core.shell:Creating prefix script '/home/ryan/hoverbot/ros2_ws/install/local_setup.sh'
[8.770s] INFO:colcon.colcon_core.shell:Creating prefix util module '/home/ryan/hoverbot/ros2_ws/install/_local_setup_util_sh.py'
[8.772s] INFO:colcon.colcon_core.shell:Creating prefix chain script '/home/ryan/hoverbot/ros2_ws/install/setup.sh'
[8.777s] INFO:colcon.colcon_core.shell:Creating prefix script '/home/ryan/hoverbot/ros2_ws/install/local_setup.bash'
[8.779s] INFO:colcon.colcon_core.shell:Creating prefix chain script '/home/ryan/hoverbot/ros2_ws/install/setup.bash'
[8.784s] INFO:colcon.colcon_core.shell:Creating prefix script '/home/ryan/hoverbot/ros2_ws/install/local_setup.zsh'
[8.786s] INFO:colcon.colcon_core.shell:Creating prefix chain script '/home/ryan/hoverbot/ros2_ws/install/setup.zsh'
