[4.991s] Invoking command in '/home/ryan/hoverbot/ros2_ws/src/hoverbot_driver': PYTHONPATH=/home/ryan/hoverbot/ros2_ws/build/hoverbot_driver/prefix_override:/usr/lib/python3/dist-packages/colcon_core/task/python/colcon_distutils_commands:/home/ryan/hoverbot/ros2_ws/install/hoverbot_driver/lib/python3.10/site-packages:${PYTHONPATH} /usr/bin/python3 -W ignore:setup.py install is deprecated -W ignore:easy_install command is deprecated setup.py egg_info --egg-base ../../build/hoverbot_driver build --build-base /home/ryan/hoverbot/ros2_ws/build/hoverbot_driver/build install --record /home/ryan/hoverbot/ros2_ws/build/hoverbot_driver/install.log --single-version-externally-managed install_data
[6.225s] running egg_info
[6.229s] writing ../../build/hoverbot_driver/hoverbot_driver.egg-info/PKG-INFO
[6.231s] writing dependency_links to ../../build/hoverbot_driver/hoverbot_driver.egg-info/dependency_links.txt
[6.232s] writing entry points to ../../build/hoverbot_driver/hoverbot_driver.egg-info/entry_points.txt
[6.234s] writing requirements to ../../build/hoverbot_driver/hoverbot_driver.egg-info/requires.txt
[6.235s] writing top-level names to ../../build/hoverbot_driver/hoverbot_driver.egg-info/top_level.txt
[6.245s] reading manifest file '../../build/hoverbot_driver/hoverbot_driver.egg-info/SOURCES.txt'
[6.251s] writing manifest file '../../build/hoverbot_driver/hoverbot_driver.egg-info/SOURCES.txt'
[6.252s] running build
[6.252s] running build_py
[6.256s] running install
[6.258s] running install_lib
[6.264s] running install_data
[6.265s] running install_egg_info
[6.274s] removing '/home/ryan/hoverbot/ros2_ws/install/hoverbot_driver/lib/python3.10/site-packages/hoverbot_driver-1.0.0-py3.10.egg-info' (and everything under it)
[6.276s] Copying ../../build/hoverbot_driver/hoverbot_driver.egg-info to /home/ryan/hoverbot/ros2_ws/install/hoverbot_driver/lib/python3.10/site-packages/hoverbot_driver-1.0.0-py3.10.egg-info
[6.283s] running install_scripts
[6.376s] Installing hoverbot_driver_node script to /home/ryan/hoverbot/ros2_ws/install/hoverbot_driver/lib/hoverbot_driver
[6.379s] writing list of installed files to '/home/ryan/hoverbot/ros2_ws/build/hoverbot_driver/install.log'
[6.557s] Invoked command in '/home/ryan/hoverbot/ros2_ws/src/hoverbot_driver' returned '0': PYTHONPATH=/home/ryan/hoverbot/ros2_ws/build/hoverbot_driver/prefix_override:/usr/lib/python3/dist-packages/colcon_core/task/python/colcon_distutils_commands:/home/ryan/hoverbot/ros2_ws/install/hoverbot_driver/lib/python3.10/site-packages:${PYTHONPATH} /usr/bin/python3 -W ignore:setup.py install is deprecated -W ignore:easy_install command is deprecated setup.py egg_info --egg-base ../../build/hoverbot_driver build --build-base /home/ryan/hoverbot/ros2_ws/build/hoverbot_driver/build install --record /home/ryan/hoverbot/ros2_ws/build/hoverbot_driver/install.log --single-version-externally-managed install_data
