running egg_info
creating ../../build/hoverbot_bringup/hoverbot_bringup.egg-info
writing ../../build/hoverbot_bringup/hoverbot_bringup.egg-info/PKG-INFO
writing dependency_links to ../../build/hoverbot_bringup/hoverbot_bringup.egg-info/dependency_links.txt
writing entry points to ../../build/hoverbot_bringup/hoverbot_bringup.egg-info/entry_points.txt
writing requirements to ../../build/hoverbot_bringup/hoverbot_bringup.egg-info/requires.txt
writing top-level names to ../../build/hoverbot_bringup/hoverbot_bringup.egg-info/top_level.txt
writing manifest file '../../build/hoverbot_bringup/hoverbot_bringup.egg-info/SOURCES.txt'
reading manifest file '../../build/hoverbot_bringup/hoverbot_bringup.egg-info/SOURCES.txt'
writing manifest file '../../build/hoverbot_bringup/hoverbot_bringup.egg-info/SOURCES.txt'
running build
running build_py
creating /home/ryan/hoverbot/ros2_ws/build/hoverbot_bringup/build
creating /home/ryan/hoverbot/ros2_ws/build/hoverbot_bringup/build/lib
creating /home/ryan/hoverbot/ros2_ws/build/hoverbot_bringup/build/lib/hoverbot_bringup
copying hoverbot_bringup/__init__.py -> /home/ryan/hoverbot/ros2_ws/build/hoverbot_bringup/build/lib/hoverbot_bringup
copying hoverbot_bringup/test_lidar_control.py -> /home/ryan/hoverbot/ros2_ws/build/hoverbot_bringup/build/lib/hoverbot_bringup
copying hoverbot_bringup/lidar_manager.py -> /home/ryan/hoverbot/ros2_ws/build/hoverbot_bringup/build/lib/hoverbot_bringup
running install
running install_lib
creating /home/ryan/hoverbot/ros2_ws/install/hoverbot_bringup/lib/python3.10/site-packages/hoverbot_bringup
copying /home/ryan/hoverbot/ros2_ws/build/hoverbot_bringup/build/lib/hoverbot_bringup/__init__.py -> /home/ryan/hoverbot/ros2_ws/install/hoverbot_bringup/lib/python3.10/site-packages/hoverbot_bringup
copying /home/ryan/hoverbot/ros2_ws/build/hoverbot_bringup/build/lib/hoverbot_bringup/test_lidar_control.py -> /home/ryan/hoverbot/ros2_ws/install/hoverbot_bringup/lib/python3.10/site-packages/hoverbot_bringup
copying /home/ryan/hoverbot/ros2_ws/build/hoverbot_bringup/build/lib/hoverbot_bringup/lidar_manager.py -> /home/ryan/hoverbot/ros2_ws/install/hoverbot_bringup/lib/python3.10/site-packages/hoverbot_bringup
byte-compiling /home/ryan/hoverbot/ros2_ws/install/hoverbot_bringup/lib/python3.10/site-packages/hoverbot_bringup/__init__.py to __init__.cpython-310.pyc
byte-compiling /home/ryan/hoverbot/ros2_ws/install/hoverbot_bringup/lib/python3.10/site-packages/hoverbot_bringup/test_lidar_control.py to test_lidar_control.cpython-310.pyc
byte-compiling /home/ryan/hoverbot/ros2_ws/install/hoverbot_bringup/lib/python3.10/site-packages/hoverbot_bringup/lidar_manager.py to lidar_manager.cpython-310.pyc
running install_data
copying resource/hoverbot_bringup -> /home/ryan/hoverbot/ros2_ws/install/hoverbot_bringup/share/ament_index/resource_index/packages
copying package.xml -> /home/ryan/hoverbot/ros2_ws/install/hoverbot_bringup/share/hoverbot_bringup
copying launch/nav2_bringup.launch.py -> /home/ryan/hoverbot/ros2_ws/install/hoverbot_bringup/share/hoverbot_bringup/launch
copying launch/lidar_power_management.launch.py -> /home/ryan/hoverbot/ros2_ws/install/hoverbot_bringup/share/hoverbot_bringup/launch
copying launch/imu.launch.py -> /home/ryan/hoverbot/ros2_ws/install/hoverbot_bringup/share/hoverbot_bringup/launch
copying launch/slam_mapping.launch.py -> /home/ryan/hoverbot/ros2_ws/install/hoverbot_bringup/share/hoverbot_bringup/launch
copying launch/hoverbot_full_v3.launch.py -> /home/ryan/hoverbot/ros2_ws/install/hoverbot_bringup/share/hoverbot_bringup/launch
creating /home/ryan/hoverbot/ros2_ws/install/hoverbot_bringup/share/hoverbot_bringup/config
copying config/lidar_manager.yaml -> /home/ryan/hoverbot/ros2_ws/install/hoverbot_bringup/share/hoverbot_bringup/config
copying config/ekf.yaml -> /home/ryan/hoverbot/ros2_ws/install/hoverbot_bringup/share/hoverbot_bringup/config
copying config/slam_toolbox_params.yaml -> /home/ryan/hoverbot/ros2_ws/install/hoverbot_bringup/share/hoverbot_bringup/config
copying config/elp_camera.yaml -> /home/ryan/hoverbot/ros2_ws/install/hoverbot_bringup/share/hoverbot_bringup/config
creating /home/ryan/hoverbot/ros2_ws/install/hoverbot_bringup/share/hoverbot_bringup/scripts
copying scripts/test_imu_quality.py -> /home/ryan/hoverbot/ros2_ws/install/hoverbot_bringup/share/hoverbot_bringup/scripts
running install_egg_info
Copying ../../build/hoverbot_bringup/hoverbot_bringup.egg-info to /home/ryan/hoverbot/ros2_ws/install/hoverbot_bringup/lib/python3.10/site-packages/hoverbot_bringup-0.0.1-py3.10.egg-info
running install_scripts
Installing lidar_manager script to /home/ryan/hoverbot/ros2_ws/install/hoverbot_bringup/bin
Installing test_lidar_control script to /home/ryan/hoverbot/ros2_ws/install/hoverbot_bringup/bin
writing list of installed files to '/home/ryan/hoverbot/ros2_ws/build/hoverbot_bringup/install.log'
