[5.996s] Invoking command in '/home/ryan/hoverbot/ros2_ws/src/hoverbot_bringup': PYTHONPATH=/home/ryan/hoverbot/ros2_ws/build/hoverbot_bringup/prefix_override:/usr/lib/python3/dist-packages/colcon_core/task/python/colcon_distutils_commands:/home/ryan/hoverbot/ros2_ws/install/hoverbot_bringup/lib/python3.10/site-packages:${PYTHONPATH} /usr/bin/python3 -W ignore:setup.py install is deprecated -W ignore:easy_install command is deprecated setup.py egg_info --egg-base ../../build/hoverbot_bringup build --build-base /home/ryan/hoverbot/ros2_ws/build/hoverbot_bringup/build install --record /home/ryan/hoverbot/ros2_ws/build/hoverbot_bringup/install.log --single-version-externally-managed install_data
[7.224s] running egg_info
[7.226s] creating ../../build/hoverbot_bringup/hoverbot_bringup.egg-info
[7.228s] writing ../../build/hoverbot_bringup/hoverbot_bringup.egg-info/PKG-INFO
[7.228s] writing dependency_links to ../../build/hoverbot_bringup/hoverbot_bringup.egg-info/dependency_links.txt
[7.229s] writing entry points to ../../build/hoverbot_bringup/hoverbot_bringup.egg-info/entry_points.txt
[7.230s] writing requirements to ../../build/hoverbot_bringup/hoverbot_bringup.egg-info/requires.txt
[7.231s] writing top-level names to ../../build/hoverbot_bringup/hoverbot_bringup.egg-info/top_level.txt
[7.232s] writing manifest file '../../build/hoverbot_bringup/hoverbot_bringup.egg-info/SOURCES.txt'
[7.239s] reading manifest file '../../build/hoverbot_bringup/hoverbot_bringup.egg-info/SOURCES.txt'
[7.243s] writing manifest file '../../build/hoverbot_bringup/hoverbot_bringup.egg-info/SOURCES.txt'
[7.244s] running build
[7.245s] running build_py
[7.246s] creating /home/ryan/hoverbot/ros2_ws/build/hoverbot_bringup/build
[7.247s] creating /home/ryan/hoverbot/ros2_ws/build/hoverbot_bringup/build/lib
[7.247s] creating /home/ryan/hoverbot/ros2_ws/build/hoverbot_bringup/build/lib/hoverbot_bringup
[7.248s] copying hoverbot_bringup/__init__.py -> /home/ryan/hoverbot/ros2_ws/build/hoverbot_bringup/build/lib/hoverbot_bringup
[7.248s] copying hoverbot_bringup/test_lidar_control.py -> /home/ryan/hoverbot/ros2_ws/build/hoverbot_bringup/build/lib/hoverbot_bringup
[7.248s] copying hoverbot_bringup/lidar_manager.py -> /home/ryan/hoverbot/ros2_ws/build/hoverbot_bringup/build/lib/hoverbot_bringup
[7.249s] running install
[7.251s] running install_lib
[7.255s] creating /home/ryan/hoverbot/ros2_ws/install/hoverbot_bringup/lib/python3.10/site-packages/hoverbot_bringup
[7.256s] copying /home/ryan/hoverbot/ros2_ws/build/hoverbot_bringup/build/lib/hoverbot_bringup/__init__.py -> /home/ryan/hoverbot/ros2_ws/install/hoverbot_bringup/lib/python3.10/site-packages/hoverbot_bringup
[7.256s] copying /home/ryan/hoverbot/ros2_ws/build/hoverbot_bringup/build/lib/hoverbot_bringup/test_lidar_control.py -> /home/ryan/hoverbot/ros2_ws/install/hoverbot_bringup/lib/python3.10/site-packages/hoverbot_bringup
[7.258s] copying /home/ryan/hoverbot/ros2_ws/build/hoverbot_bringup/build/lib/hoverbot_bringup/lidar_manager.py -> /home/ryan/hoverbot/ros2_ws/install/hoverbot_bringup/lib/python3.10/site-packages/hoverbot_bringup
[7.260s] byte-compiling /home/ryan/hoverbot/ros2_ws/install/hoverbot_bringup/lib/python3.10/site-packages/hoverbot_bringup/__init__.py to __init__.cpython-310.pyc
[7.262s] byte-compiling /home/ryan/hoverbot/ros2_ws/install/hoverbot_bringup/lib/python3.10/site-packages/hoverbot_bringup/test_lidar_control.py to test_lidar_control.cpython-310.pyc
[7.264s] byte-compiling /home/ryan/hoverbot/ros2_ws/install/hoverbot_bringup/lib/python3.10/site-packages/hoverbot_bringup/lidar_manager.py to lidar_manager.cpython-310.pyc
[7.268s] running install_data
[7.270s] copying resource/hoverbot_bringup -> /home/ryan/hoverbot/ros2_ws/install/hoverbot_bringup/share/ament_index/resource_index/packages
[7.271s] copying package.xml -> /home/ryan/hoverbot/ros2_ws/install/hoverbot_bringup/share/hoverbot_bringup
[7.273s] copying launch/nav2_bringup.launch.py -> /home/ryan/hoverbot/ros2_ws/install/hoverbot_bringup/share/hoverbot_bringup/launch
[7.274s] copying launch/lidar_power_management.launch.py -> /home/ryan/hoverbot/ros2_ws/install/hoverbot_bringup/share/hoverbot_bringup/launch
[7.275s] copying launch/imu.launch.py -> /home/ryan/hoverbot/ros2_ws/install/hoverbot_bringup/share/hoverbot_bringup/launch
[7.276s] copying launch/slam_mapping.launch.py -> /home/ryan/hoverbot/ros2_ws/install/hoverbot_bringup/share/hoverbot_bringup/launch
[7.277s] copying launch/hoverbot_full_v3.launch.py -> /home/ryan/hoverbot/ros2_ws/install/hoverbot_bringup/share/hoverbot_bringup/launch
[7.278s] creating /home/ryan/hoverbot/ros2_ws/install/hoverbot_bringup/share/hoverbot_bringup/config
[7.279s] copying config/lidar_manager.yaml -> /home/ryan/hoverbot/ros2_ws/install/hoverbot_bringup/share/hoverbot_bringup/config
[7.280s] copying config/ekf.yaml -> /home/ryan/hoverbot/ros2_ws/install/hoverbot_bringup/share/hoverbot_bringup/config
[7.280s] copying config/slam_toolbox_params.yaml -> /home/ryan/hoverbot/ros2_ws/install/hoverbot_bringup/share/hoverbot_bringup/config
[7.281s] copying config/elp_camera.yaml -> /home/ryan/hoverbot/ros2_ws/install/hoverbot_bringup/share/hoverbot_bringup/config
[7.282s] creating /home/ryan/hoverbot/ros2_ws/install/hoverbot_bringup/share/hoverbot_bringup/scripts
[7.283s] copying scripts/test_imu_quality.py -> /home/ryan/hoverbot/ros2_ws/install/hoverbot_bringup/share/hoverbot_bringup/scripts
[7.284s] running install_egg_info
[7.292s] Copying ../../build/hoverbot_bringup/hoverbot_bringup.egg-info to /home/ryan/hoverbot/ros2_ws/install/hoverbot_bringup/lib/python3.10/site-packages/hoverbot_bringup-0.0.1-py3.10.egg-info
[7.298s] running install_scripts
[7.391s] Installing lidar_manager script to /home/ryan/hoverbot/ros2_ws/install/hoverbot_bringup/bin
[7.393s] Installing test_lidar_control script to /home/ryan/hoverbot/ros2_ws/install/hoverbot_bringup/bin
[7.396s] writing list of installed files to '/home/ryan/hoverbot/ros2_ws/build/hoverbot_bringup/install.log'
[7.610s] Invoked command in '/home/ryan/hoverbot/ros2_ws/src/hoverbot_bringup' returned '0': PYTHONPATH=/home/ryan/hoverbot/ros2_ws/build/hoverbot_bringup/prefix_override:/usr/lib/python3/dist-packages/colcon_core/task/python/colcon_distutils_commands:/home/ryan/hoverbot/ros2_ws/install/hoverbot_bringup/lib/python3.10/site-packages:${PYTHONPATH} /usr/bin/python3 -W ignore:setup.py install is deprecated -W ignore:easy_install command is deprecated setup.py egg_info --egg-base ../../build/hoverbot_bringup build --build-base /home/ryan/hoverbot/ros2_ws/build/hoverbot_bringup/build install --record /home/ryan/hoverbot/ros2_ws/build/hoverbot_bringup/install.log --single-version-externally-managed install_data
