running egg_info
writing ../../build/hoverbot_bringup/hoverbot_bringup.egg-info/PKG-INFO
writing dependency_links to ../../build/hoverbot_bringup/hoverbot_bringup.egg-info/dependency_links.txt
writing entry points to ../../build/hoverbot_bringup/hoverbot_bringup.egg-info/entry_points.txt
writing requirements to ../../build/hoverbot_bringup/hoverbot_bringup.egg-info/requires.txt
writing top-level names to ../../build/hoverbot_bringup/hoverbot_bringup.egg-info/top_level.txt
reading manifest file '../../build/hoverbot_bringup/hoverbot_bringup.egg-info/SOURCES.txt'
writing manifest file '../../build/hoverbot_bringup/hoverbot_bringup.egg-info/SOURCES.txt'
running build
running build_py
running install
running install_lib
running install_data
running install_egg_info
removing '/home/ryan/hoverbot/ros2_ws/install/hoverbot_bringup/lib/python3.10/site-packages/hoverbot_bringup-0.0.1-py3.10.egg-info' (and everything under it)
Copying ../../build/hoverbot_bringup/hoverbot_bringup.egg-info to /home/ryan/hoverbot/ros2_ws/install/hoverbot_bringup/lib/python3.10/site-packages/hoverbot_bringup-0.0.1-py3.10.egg-info
running install_scripts
Installing lidar_manager script to /home/ryan/hoverbot/ros2_ws/install/hoverbot_bringup/bin
Installing test_lidar_control script to /home/ryan/hoverbot/ros2_ws/install/hoverbot_bringup/bin
writing list of installed files to '/home/ryan/hoverbot/ros2_ws/build/hoverbot_bringup/install.log'
