[5.081s] Invoking command in '/home/ryan/hoverbot/ros2_ws/src/hoverbot_bringup': PYTHONPATH=/home/ryan/hoverbot/ros2_ws/build/hoverbot_bringup/prefix_override:/usr/lib/python3/dist-packages/colcon_core/task/python/colcon_distutils_commands:/home/ryan/hoverbot/ros2_ws/install/hoverbot_bringup/lib/python3.10/site-packages:${PYTHONPATH} /usr/bin/python3 -W ignore:setup.py install is deprecated -W ignore:easy_install command is deprecated setup.py egg_info --egg-base ../../build/hoverbot_bringup build --build-base /home/ryan/hoverbot/ros2_ws/build/hoverbot_bringup/build install --record /home/ryan/hoverbot/ros2_ws/build/hoverbot_bringup/install.log --single-version-externally-managed install_data
[6.322s] running egg_info
[6.325s] writing ../../build/hoverbot_bringup/hoverbot_bringup.egg-info/PKG-INFO
[6.327s] writing dependency_links to ../../build/hoverbot_bringup/hoverbot_bringup.egg-info/dependency_links.txt
[6.329s] writing entry points to ../../build/hoverbot_bringup/hoverbot_bringup.egg-info/entry_points.txt
[6.331s] writing requirements to ../../build/hoverbot_bringup/hoverbot_bringup.egg-info/requires.txt
[6.331s] writing top-level names to ../../build/hoverbot_bringup/hoverbot_bringup.egg-info/top_level.txt
[6.339s] reading manifest file '../../build/hoverbot_bringup/hoverbot_bringup.egg-info/SOURCES.txt'
[6.345s] writing manifest file '../../build/hoverbot_bringup/hoverbot_bringup.egg-info/SOURCES.txt'
[6.346s] running build
[6.346s] running build_py
[6.350s] running install
[6.351s] running install_lib
[6.358s] running install_data
[6.362s] running install_egg_info
[6.371s] removing '/home/ryan/hoverbot/ros2_ws/install/hoverbot_bringup/lib/python3.10/site-packages/hoverbot_bringup-0.0.1-py3.10.egg-info' (and everything under it)
[6.373s] Copying ../../build/hoverbot_bringup/hoverbot_bringup.egg-info to /home/ryan/hoverbot/ros2_ws/install/hoverbot_bringup/lib/python3.10/site-packages/hoverbot_bringup-0.0.1-py3.10.egg-info
[6.381s] running install_scripts
[6.481s] Installing lidar_manager script to /home/ryan/hoverbot/ros2_ws/install/hoverbot_bringup/bin
[6.483s] Installing test_lidar_control script to /home/ryan/hoverbot/ros2_ws/install/hoverbot_bringup/bin
[6.486s] writing list of installed files to '/home/ryan/hoverbot/ros2_ws/build/hoverbot_bringup/install.log'
[6.679s] Invoked command in '/home/ryan/hoverbot/ros2_ws/src/hoverbot_bringup' returned '0': PYTHONPATH=/home/ryan/hoverbot/ros2_ws/build/hoverbot_bringup/prefix_override:/usr/lib/python3/dist-packages/colcon_core/task/python/colcon_distutils_commands:/home/ryan/hoverbot/ros2_ws/install/hoverbot_bringup/lib/python3.10/site-packages:${PYTHONPATH} /usr/bin/python3 -W ignore:setup.py install is deprecated -W ignore:easy_install command is deprecated setup.py egg_info --egg-base ../../build/hoverbot_bringup build --build-base /home/ryan/hoverbot/ros2_ws/build/hoverbot_bringup/build install --record /home/ryan/hoverbot/ros2_ws/build/hoverbot_bringup/install.log --single-version-externally-managed install_data
