[0.629s] DEBUG:colcon:Command line arguments: ['/usr/bin/colcon', 'build']
[0.630s] DEBUG:colcon:Parsed command line arguments: Namespace(log_base=None, log_level=None, verb_name='build', build_base='build', install_base='install', merge_install=False, symlink_install=False, test_result_base=None, continue_on_error=False, executor='parallel', parallel_workers=4, event_handlers=None, ignore_user_meta=False, metas=['./colcon.meta'], base_paths=['.'], packages_ignore=None, packages_ignore_regex=None, paths=None, packages_up_to=None, packages_up_to_regex=None, packages_above=None, packages_above_and_dependencies=None, packages_above_depth=None, packages_select_by_dep=None, packages_skip_by_dep=None, packages_skip_up_to=None, packages_select_build_failed=False, packages_skip_build_finished=False, packages_select_test_failures=False, packages_skip_test_passed=False, packages_select=None, packages_skip=None, packages_select_regex=None, packages_skip_regex=None, packages_start=None, packages_end=None, allow_overriding=[], cmake_args=None, cmake_target=None, cmake_target_skip_unavailable=False, cmake_clean_cache=False, cmake_clean_first=False, cmake_force_configure=False, ament_cmake_args=None, catkin_cmake_args=None, catkin_skip_building_tests=False, verb_parser=<colcon_defaults.argument_parser.defaults.DefaultArgumentsDecorator object at 0xffff84587a30>, verb_extension=<colcon_core.verb.build.BuildVerb object at 0xffff84769030>, main=<bound method BuildVerb.main of <colcon_core.verb.build.BuildVerb object at 0xffff84769030>>)
[1.798s] Level 1:colcon.colcon_core.package_discovery:discover_packages(colcon_meta) check parameters
[1.798s] Level 1:colcon.colcon_core.package_discovery:discover_packages(recursive) check parameters
[1.798s] Level 1:colcon.colcon_core.package_discovery:discover_packages(ignore) check parameters
[1.799s] Level 1:colcon.colcon_core.package_discovery:discover_packages(path) check parameters
[1.799s] Level 1:colcon.colcon_core.package_discovery:discover_packages(colcon_meta) discover
[1.799s] Level 1:colcon.colcon_core.package_discovery:discover_packages(recursive) discover
[1.799s] INFO:colcon.colcon_core.package_discovery:Crawling recursively for packages in '/home/ryan/hoverbot/ros2_ws'
[1.800s] Level 1:colcon.colcon_core.package_identification:_identify(.) by extensions ['ignore', 'ignore_ament_install']
[1.800s] Level 1:colcon.colcon_core.package_identification:_identify(.) by extension 'ignore'
[1.801s] Level 1:colcon.colcon_core.package_identification:_identify(.) by extension 'ignore_ament_install'
[1.801s] Level 1:colcon.colcon_core.package_identification:_identify(.) by extensions ['colcon_pkg']
[1.801s] Level 1:colcon.colcon_core.package_identification:_identify(.) by extension 'colcon_pkg'
[1.802s] Level 1:colcon.colcon_core.package_identification:_identify(.) by extensions ['colcon_meta']
[1.802s] Level 1:colcon.colcon_core.package_identification:_identify(.) by extension 'colcon_meta'
[1.802s] Level 1:colcon.colcon_core.package_identification:_identify(.) by extensions ['ros']
[1.802s] Level 1:colcon.colcon_core.package_identification:_identify(.) by extension 'ros'
[1.870s] Level 1:colcon.colcon_core.package_identification:_identify(.) by extensions ['cmake', 'python']
[1.870s] Level 1:colcon.colcon_core.package_identification:_identify(.) by extension 'cmake'
[1.870s] Level 1:colcon.colcon_core.package_identification:_identify(.) by extension 'python'
[1.871s] Level 1:colcon.colcon_core.package_identification:_identify(.) by extensions ['python_setup_py']
[1.871s] Level 1:colcon.colcon_core.package_identification:_identify(.) by extension 'python_setup_py'
[1.871s] Level 1:colcon.colcon_core.package_identification:_identify(build) by extensions ['ignore', 'ignore_ament_install']
[1.872s] Level 1:colcon.colcon_core.package_identification:_identify(build) by extension 'ignore'
[1.872s] Level 1:colcon.colcon_core.package_identification:_identify(build) ignored
[1.872s] Level 1:colcon.colcon_core.package_identification:_identify(install) by extensions ['ignore', 'ignore_ament_install']
[1.873s] Level 1:colcon.colcon_core.package_identification:_identify(install) by extension 'ignore'
[1.873s] Level 1:colcon.colcon_core.package_identification:_identify(install) ignored
[1.873s] Level 1:colcon.colcon_core.package_identification:_identify(log) by extensions ['ignore', 'ignore_ament_install']
[1.874s] Level 1:colcon.colcon_core.package_identification:_identify(log) by extension 'ignore'
[1.874s] Level 1:colcon.colcon_core.package_identification:_identify(log) ignored
[1.875s] Level 1:colcon.colcon_core.package_identification:_identify(src) by extensions ['ignore', 'ignore_ament_install']
[1.875s] Level 1:colcon.colcon_core.package_identification:_identify(src) by extension 'ignore'
[1.876s] Level 1:colcon.colcon_core.package_identification:_identify(src) by extension 'ignore_ament_install'
[1.876s] Level 1:colcon.colcon_core.package_identification:_identify(src) by extensions ['colcon_pkg']
[1.876s] Level 1:colcon.colcon_core.package_identification:_identify(src) by extension 'colcon_pkg'
[1.876s] Level 1:colcon.colcon_core.package_identification:_identify(src) by extensions ['colcon_meta']
[1.876s] Level 1:colcon.colcon_core.package_identification:_identify(src) by extension 'colcon_meta'
[1.876s] Level 1:colcon.colcon_core.package_identification:_identify(src) by extensions ['ros']
[1.877s] Level 1:colcon.colcon_core.package_identification:_identify(src) by extension 'ros'
[1.877s] Level 1:colcon.colcon_core.package_identification:_identify(src) by extensions ['cmake', 'python']
[1.877s] Level 1:colcon.colcon_core.package_identification:_identify(src) by extension 'cmake'
[1.877s] Level 1:colcon.colcon_core.package_identification:_identify(src) by extension 'python'
[1.877s] Level 1:colcon.colcon_core.package_identification:_identify(src) by extensions ['python_setup_py']
[1.877s] Level 1:colcon.colcon_core.package_identification:_identify(src) by extension 'python_setup_py'
[1.878s] Level 1:colcon.colcon_core.package_identification:_identify(src/hoverbot_bringup) by extensions ['ignore', 'ignore_ament_install']
[1.879s] Level 1:colcon.colcon_core.package_identification:_identify(src/hoverbot_bringup) by extension 'ignore'
[1.879s] Level 1:colcon.colcon_core.package_identification:_identify(src/hoverbot_bringup) by extension 'ignore_ament_install'
[1.879s] Level 1:colcon.colcon_core.package_identification:_identify(src/hoverbot_bringup) by extensions ['colcon_pkg']
[1.879s] Level 1:colcon.colcon_core.package_identification:_identify(src/hoverbot_bringup) by extension 'colcon_pkg'
[1.880s] Level 1:colcon.colcon_core.package_identification:_identify(src/hoverbot_bringup) by extensions ['colcon_meta']
[1.880s] Level 1:colcon.colcon_core.package_identification:_identify(src/hoverbot_bringup) by extension 'colcon_meta'
[1.880s] Level 1:colcon.colcon_core.package_identification:_identify(src/hoverbot_bringup) by extensions ['ros']
[1.880s] Level 1:colcon.colcon_core.package_identification:_identify(src/hoverbot_bringup) by extension 'ros'
[1.892s] DEBUG:colcon.colcon_core.package_identification:Package 'src/hoverbot_bringup' with type 'ros.ament_python' and name 'hoverbot_bringup'
[1.893s] Level 1:colcon.colcon_core.package_identification:_identify(src/hoverbot_description) by extensions ['ignore', 'ignore_ament_install']
[1.894s] Level 1:colcon.colcon_core.package_identification:_identify(src/hoverbot_description) by extension 'ignore'
[1.894s] Level 1:colcon.colcon_core.package_identification:_identify(src/hoverbot_description) by extension 'ignore_ament_install'
[1.894s] Level 1:colcon.colcon_core.package_identification:_identify(src/hoverbot_description) by extensions ['colcon_pkg']
[1.895s] Level 1:colcon.colcon_core.package_identification:_identify(src/hoverbot_description) by extension 'colcon_pkg'
[1.895s] Level 1:colcon.colcon_core.package_identification:_identify(src/hoverbot_description) by extensions ['colcon_meta']
[1.895s] Level 1:colcon.colcon_core.package_identification:_identify(src/hoverbot_description) by extension 'colcon_meta'
[1.895s] Level 1:colcon.colcon_core.package_identification:_identify(src/hoverbot_description) by extensions ['ros']
[1.895s] Level 1:colcon.colcon_core.package_identification:_identify(src/hoverbot_description) by extension 'ros'
[1.898s] DEBUG:colcon.colcon_core.package_identification:Package 'src/hoverbot_description' with type 'ros.ament_cmake' and name 'hoverbot_description'
[1.900s] Level 1:colcon.colcon_core.package_identification:_identify(src/hoverbot_driver) by extensions ['ignore', 'ignore_ament_install']
[1.900s] Level 1:colcon.colcon_core.package_identification:_identify(src/hoverbot_driver) by extension 'ignore'
[1.900s] Level 1:colcon.colcon_core.package_identification:_identify(src/hoverbot_driver) by extension 'ignore_ament_install'
[1.901s] Level 1:colcon.colcon_core.package_identification:_identify(src/hoverbot_driver) by extensions ['colcon_pkg']
[1.901s] Level 1:colcon.colcon_core.package_identification:_identify(src/hoverbot_driver) by extension 'colcon_pkg'
[1.901s] Level 1:colcon.colcon_core.package_identification:_identify(src/hoverbot_driver) by extensions ['colcon_meta']
[1.901s] Level 1:colcon.colcon_core.package_identification:_identify(src/hoverbot_driver) by extension 'colcon_meta'
[1.901s] Level 1:colcon.colcon_core.package_identification:_identify(src/hoverbot_driver) by extensions ['ros']
[1.902s] Level 1:colcon.colcon_core.package_identification:_identify(src/hoverbot_driver) by extension 'ros'
[1.907s] DEBUG:colcon.colcon_core.package_identification:Package 'src/hoverbot_driver' with type 'ros.ament_python' and name 'hoverbot_driver'
[1.907s] Level 1:colcon.colcon_core.package_discovery:discover_packages(recursive) using defaults
[1.907s] Level 1:colcon.colcon_core.package_discovery:discover_packages(ignore) discover
[1.907s] Level 1:colcon.colcon_core.package_discovery:discover_packages(ignore) using defaults
[1.908s] Level 1:colcon.colcon_core.package_discovery:discover_packages(path) discover
[1.908s] Level 1:colcon.colcon_core.package_discovery:discover_packages(path) using defaults
[2.014s] Level 1:colcon.colcon_core.package_discovery:discover_packages(prefix_path) check parameters
[2.015s] Level 1:colcon.colcon_core.package_discovery:discover_packages(prefix_path) discover
[2.028s] DEBUG:colcon.colcon_installed_package_information.package_discovery:Found 3 installed packages in /home/ryan/hoverbot/ros2_ws/install
[2.040s] DEBUG:colcon.colcon_installed_package_information.package_discovery:Found 337 installed packages in /opt/ros/humble
[2.083s] Level 1:colcon.colcon_core.package_discovery:discover_packages(prefix_path) using defaults
[2.282s] Level 5:colcon.colcon_core.verb:set package 'hoverbot_bringup' build argument 'cmake_args' from command line to 'None'
[2.282s] Level 5:colcon.colcon_core.verb:set package 'hoverbot_bringup' build argument 'cmake_target' from command line to 'None'
[2.283s] Level 5:colcon.colcon_core.verb:set package 'hoverbot_bringup' build argument 'cmake_target_skip_unavailable' from command line to 'False'
[2.283s] Level 5:colcon.colcon_core.verb:set package 'hoverbot_bringup' build argument 'cmake_clean_cache' from command line to 'False'
[2.283s] Level 5:colcon.colcon_core.verb:set package 'hoverbot_bringup' build argument 'cmake_clean_first' from command line to 'False'
[2.283s] Level 5:colcon.colcon_core.verb:set package 'hoverbot_bringup' build argument 'cmake_force_configure' from command line to 'False'
[2.283s] Level 5:colcon.colcon_core.verb:set package 'hoverbot_bringup' build argument 'ament_cmake_args' from command line to 'None'
[2.283s] Level 5:colcon.colcon_core.verb:set package 'hoverbot_bringup' build argument 'catkin_cmake_args' from command line to 'None'
[2.283s] Level 5:colcon.colcon_core.verb:set package 'hoverbot_bringup' build argument 'catkin_skip_building_tests' from command line to 'False'
[2.283s] DEBUG:colcon.colcon_core.verb:Building package 'hoverbot_bringup' with the following arguments: {'ament_cmake_args': None, 'build_base': '/home/ryan/hoverbot/ros2_ws/build/hoverbot_bringup', 'catkin_cmake_args': None, 'catkin_skip_building_tests': False, 'cmake_args': None, 'cmake_clean_cache': False, 'cmake_clean_first': False, 'cmake_force_configure': False, 'cmake_target': None, 'cmake_target_skip_unavailable': False, 'install_base': '/home/ryan/hoverbot/ros2_ws/install/hoverbot_bringup', 'merge_install': False, 'path': '/home/ryan/hoverbot/ros2_ws/src/hoverbot_bringup', 'symlink_install': False, 'test_result_base': None}
[2.285s] Level 5:colcon.colcon_core.verb:set package 'hoverbot_description' build argument 'cmake_args' from command line to 'None'
[2.285s] Level 5:colcon.colcon_core.verb:set package 'hoverbot_description' build argument 'cmake_target' from command line to 'None'
[2.285s] Level 5:colcon.colcon_core.verb:set package 'hoverbot_description' build argument 'cmake_target_skip_unavailable' from command line to 'False'
[2.285s] Level 5:colcon.colcon_core.verb:set package 'hoverbot_description' build argument 'cmake_clean_cache' from command line to 'False'
[2.285s] Level 5:colcon.colcon_core.verb:set package 'hoverbot_description' build argument 'cmake_clean_first' from command line to 'False'
[2.285s] Level 5:colcon.colcon_core.verb:set package 'hoverbot_description' build argument 'cmake_force_configure' from command line to 'False'
[2.285s] Level 5:colcon.colcon_core.verb:set package 'hoverbot_description' build argument 'ament_cmake_args' from command line to 'None'
[2.286s] Level 5:colcon.colcon_core.verb:set package 'hoverbot_description' build argument 'catkin_cmake_args' from command line to 'None'
[2.286s] Level 5:colcon.colcon_core.verb:set package 'hoverbot_description' build argument 'catkin_skip_building_tests' from command line to 'False'
[2.286s] DEBUG:colcon.colcon_core.verb:Building package 'hoverbot_description' with the following arguments: {'ament_cmake_args': None, 'build_base': '/home/ryan/hoverbot/ros2_ws/build/hoverbot_description', 'catkin_cmake_args': None, 'catkin_skip_building_tests': False, 'cmake_args': None, 'cmake_clean_cache': False, 'cmake_clean_first': False, 'cmake_force_configure': False, 'cmake_target': None, 'cmake_target_skip_unavailable': False, 'install_base': '/home/ryan/hoverbot/ros2_ws/install/hoverbot_description', 'merge_install': False, 'path': '/home/ryan/hoverbot/ros2_ws/src/hoverbot_description', 'symlink_install': False, 'test_result_base': None}
[2.287s] Level 5:colcon.colcon_core.verb:set package 'hoverbot_driver' build argument 'cmake_args' from command line to 'None'
[2.287s] Level 5:colcon.colcon_core.verb:set package 'hoverbot_driver' build argument 'cmake_target' from command line to 'None'
[2.287s] Level 5:colcon.colcon_core.verb:set package 'hoverbot_driver' build argument 'cmake_target_skip_unavailable' from command line to 'False'
[2.288s] Level 5:colcon.colcon_core.verb:set package 'hoverbot_driver' build argument 'cmake_clean_cache' from command line to 'False'
[2.288s] Level 5:colcon.colcon_core.verb:set package 'hoverbot_driver' build argument 'cmake_clean_first' from command line to 'False'
[2.288s] Level 5:colcon.colcon_core.verb:set package 'hoverbot_driver' build argument 'cmake_force_configure' from command line to 'False'
[2.288s] Level 5:colcon.colcon_core.verb:set package 'hoverbot_driver' build argument 'ament_cmake_args' from command line to 'None'
[2.288s] Level 5:colcon.colcon_core.verb:set package 'hoverbot_driver' build argument 'catkin_cmake_args' from command line to 'None'
[2.288s] Level 5:colcon.colcon_core.verb:set package 'hoverbot_driver' build argument 'catkin_skip_building_tests' from command line to 'False'
[2.288s] DEBUG:colcon.colcon_core.verb:Building package 'hoverbot_driver' with the following arguments: {'ament_cmake_args': None, 'build_base': '/home/ryan/hoverbot/ros2_ws/build/hoverbot_driver', 'catkin_cmake_args': None, 'catkin_skip_building_tests': False, 'cmake_args': None, 'cmake_clean_cache': False, 'cmake_clean_first': False, 'cmake_force_configure': False, 'cmake_target': None, 'cmake_target_skip_unavailable': False, 'install_base': '/home/ryan/hoverbot/ros2_ws/install/hoverbot_driver', 'merge_install': False, 'path': '/home/ryan/hoverbot/ros2_ws/src/hoverbot_driver', 'symlink_install': False, 'test_result_base': None}
[2.289s] INFO:colcon.colcon_core.executor:Executing jobs using 'parallel' executor
[2.292s] DEBUG:colcon.colcon_parallel_executor.executor.parallel:run_until_complete
[2.293s] INFO:colcon.colcon_ros.task.ament_python.build:Building ROS package in '/home/ryan/hoverbot/ros2_ws/src/hoverbot_bringup' with build type 'ament_python'
[2.293s] Level 1:colcon.colcon_core.shell:create_environment_hook('hoverbot_bringup', 'ament_prefix_path')
[2.312s] INFO:colcon.colcon_core.plugin_system:Skipping extension 'colcon_core.shell.bat': Not used on non-Windows systems
[2.313s] INFO:colcon.colcon_core.shell:Creating environment hook '/home/ryan/hoverbot/ros2_ws/install/hoverbot_bringup/share/hoverbot_bringup/hook/ament_prefix_path.ps1'
[2.317s] INFO:colcon.colcon_core.shell:Creating environment descriptor '/home/ryan/hoverbot/ros2_ws/install/hoverbot_bringup/share/hoverbot_bringup/hook/ament_prefix_path.dsv'
[2.320s] INFO:colcon.colcon_core.shell:Creating environment hook '/home/ryan/hoverbot/ros2_ws/install/hoverbot_bringup/share/hoverbot_bringup/hook/ament_prefix_path.sh'
[2.325s] INFO:colcon.colcon_core.shell:Skip shell extension 'powershell' for command environment: Not usable outside of PowerShell
[2.325s] DEBUG:colcon.colcon_core.shell:Skip shell extension 'dsv' for command environment
[2.347s] INFO:colcon.colcon_ros.task.ament_cmake.build:Building ROS package in '/home/ryan/hoverbot/ros2_ws/src/hoverbot_description' with build type 'ament_cmake'
[2.348s] INFO:colcon.colcon_cmake.task.cmake.build:Building CMake package in '/home/ryan/hoverbot/ros2_ws/src/hoverbot_description'
[2.349s] INFO:colcon.colcon_core.shell:Skip shell extension 'powershell' for command environment: Not usable outside of PowerShell
[2.350s] DEBUG:colcon.colcon_core.shell:Skip shell extension 'dsv' for command environment
[2.372s] INFO:colcon.colcon_ros.task.ament_python.build:Building ROS package in '/home/ryan/hoverbot/ros2_ws/src/hoverbot_driver' with build type 'ament_python'
[2.373s] Level 1:colcon.colcon_core.shell:create_environment_hook('hoverbot_driver', 'ament_prefix_path')
[2.374s] INFO:colcon.colcon_core.shell:Creating environment hook '/home/ryan/hoverbot/ros2_ws/install/hoverbot_driver/share/hoverbot_driver/hook/ament_prefix_path.ps1'
[2.377s] INFO:colcon.colcon_core.shell:Creating environment descriptor '/home/ryan/hoverbot/ros2_ws/install/hoverbot_driver/share/hoverbot_driver/hook/ament_prefix_path.dsv'
[2.379s] INFO:colcon.colcon_core.shell:Creating environment hook '/home/ryan/hoverbot/ros2_ws/install/hoverbot_driver/share/hoverbot_driver/hook/ament_prefix_path.sh'
[2.382s] INFO:colcon.colcon_core.shell:Skip shell extension 'powershell' for command environment: Not usable outside of PowerShell
[2.382s] DEBUG:colcon.colcon_core.shell:Skip shell extension 'dsv' for command environment
[3.586s] INFO:colcon.colcon_core.task.python.build:Building Python package in '/home/ryan/hoverbot/ros2_ws/src/hoverbot_bringup'
[3.587s] INFO:colcon.colcon_core.shell:Skip shell extension 'powershell' for command environment: Not usable outside of PowerShell
[3.587s] DEBUG:colcon.colcon_core.shell:Skip shell extension 'dsv' for command environment
[3.622s] DEBUG:colcon.colcon_core.event_handler.log_command:Invoking command in '/home/ryan/hoverbot/ros2_ws/build/hoverbot_description': CMAKE_PREFIX_PATH=${CMAKE_PREFIX_PATH}:/home/ryan/hoverbot/ros2_ws/install/hoverbot_driver:/opt/ros/humble /usr/bin/cmake --build /home/ryan/hoverbot/ros2_ws/build/hoverbot_description -- -j4 -l4
[4.839s] INFO:colcon.colcon_core.task.python.build:Building Python package in '/home/ryan/hoverbot/ros2_ws/src/hoverbot_driver'
[4.840s] INFO:colcon.colcon_core.shell:Skip shell extension 'powershell' for command environment: Not usable outside of PowerShell
[4.840s] DEBUG:colcon.colcon_core.shell:Skip shell extension 'dsv' for command environment
[4.877s] DEBUG:colcon.colcon_core.event_handler.log_command:Invoked command in '/home/ryan/hoverbot/ros2_ws/build/hoverbot_description' returned '0': CMAKE_PREFIX_PATH=${CMAKE_PREFIX_PATH}:/home/ryan/hoverbot/ros2_ws/install/hoverbot_driver:/opt/ros/humble /usr/bin/cmake --build /home/ryan/hoverbot/ros2_ws/build/hoverbot_description -- -j4 -l4
[4.920s] DEBUG:colcon.colcon_core.event_handler.log_command:Invoking command in '/home/ryan/hoverbot/ros2_ws/build/hoverbot_description': CMAKE_PREFIX_PATH=${CMAKE_PREFIX_PATH}:/home/ryan/hoverbot/ros2_ws/install/hoverbot_driver:/opt/ros/humble /usr/bin/cmake --install /home/ryan/hoverbot/ros2_ws/build/hoverbot_description
[4.978s] Level 1:colcon.colcon_core.environment:create_environment_scripts_only(hoverbot_description)
[4.982s] DEBUG:colcon.colcon_core.event_handler.log_command:Invoked command in '/home/ryan/hoverbot/ros2_ws/build/hoverbot_description' returned '0': CMAKE_PREFIX_PATH=${CMAKE_PREFIX_PATH}:/home/ryan/hoverbot/ros2_ws/install/hoverbot_driver:/opt/ros/humble /usr/bin/cmake --install /home/ryan/hoverbot/ros2_ws/build/hoverbot_description
[5.008s] Level 1:colcon.colcon_core.environment:checking '/home/ryan/hoverbot/ros2_ws/install/hoverbot_description' for CMake module files
[5.013s] Level 1:colcon.colcon_core.environment:checking '/home/ryan/hoverbot/ros2_ws/install/hoverbot_description' for CMake config files
[5.014s] Level 1:colcon.colcon_core.shell:create_environment_hook('hoverbot_description', 'cmake_prefix_path')
[5.015s] INFO:colcon.colcon_core.shell:Creating environment hook '/home/ryan/hoverbot/ros2_ws/install/hoverbot_description/share/hoverbot_description/hook/cmake_prefix_path.ps1'
[5.018s] INFO:colcon.colcon_core.shell:Creating environment descriptor '/home/ryan/hoverbot/ros2_ws/install/hoverbot_description/share/hoverbot_description/hook/cmake_prefix_path.dsv'
[5.021s] INFO:colcon.colcon_core.shell:Creating environment hook '/home/ryan/hoverbot/ros2_ws/install/hoverbot_description/share/hoverbot_description/hook/cmake_prefix_path.sh'
[5.025s] Level 1:colcon.colcon_core.environment:checking '/home/ryan/hoverbot/ros2_ws/install/hoverbot_description/bin'
[5.025s] Level 1:colcon.colcon_core.environment:checking '/home/ryan/hoverbot/ros2_ws/install/hoverbot_description/lib/pkgconfig/hoverbot_description.pc'
[5.026s] Level 1:colcon.colcon_core.environment:checking '/home/ryan/hoverbot/ros2_ws/install/hoverbot_description/lib/python3.10/site-packages'
[5.028s] Level 1:colcon.colcon_core.environment:checking '/home/ryan/hoverbot/ros2_ws/install/hoverbot_description/bin'
[5.029s] INFO:colcon.colcon_core.shell:Creating package script '/home/ryan/hoverbot/ros2_ws/install/hoverbot_description/share/hoverbot_description/package.ps1'
[5.034s] INFO:colcon.colcon_core.shell:Creating package descriptor '/home/ryan/hoverbot/ros2_ws/install/hoverbot_description/share/hoverbot_description/package.dsv'
[5.038s] INFO:colcon.colcon_core.shell:Creating package script '/home/ryan/hoverbot/ros2_ws/install/hoverbot_description/share/hoverbot_description/package.sh'
[5.043s] INFO:colcon.colcon_core.shell:Creating package script '/home/ryan/hoverbot/ros2_ws/install/hoverbot_description/share/hoverbot_description/package.bash'
[5.049s] INFO:colcon.colcon_core.shell:Creating package script '/home/ryan/hoverbot/ros2_ws/install/hoverbot_description/share/hoverbot_description/package.zsh'
[5.054s] Level 1:colcon.colcon_core.environment:create_file_with_runtime_dependencies(/home/ryan/hoverbot/ros2_ws/install/hoverbot_description/share/colcon-core/packages/hoverbot_description)
[5.057s] Level 1:colcon.colcon_core.environment:create_environment_scripts_only(hoverbot_description)
[5.058s] Level 1:colcon.colcon_core.environment:checking '/home/ryan/hoverbot/ros2_ws/install/hoverbot_description' for CMake module files
[5.062s] Level 1:colcon.colcon_core.environment:checking '/home/ryan/hoverbot/ros2_ws/install/hoverbot_description' for CMake config files
[5.063s] Level 1:colcon.colcon_core.shell:create_environment_hook('hoverbot_description', 'cmake_prefix_path')
[5.064s] INFO:colcon.colcon_core.shell:Creating environment hook '/home/ryan/hoverbot/ros2_ws/install/hoverbot_description/share/hoverbot_description/hook/cmake_prefix_path.ps1'
[5.067s] INFO:colcon.colcon_core.shell:Creating environment descriptor '/home/ryan/hoverbot/ros2_ws/install/hoverbot_description/share/hoverbot_description/hook/cmake_prefix_path.dsv'
[5.069s] INFO:colcon.colcon_core.shell:Creating environment hook '/home/ryan/hoverbot/ros2_ws/install/hoverbot_description/share/hoverbot_description/hook/cmake_prefix_path.sh'
[5.074s] Level 1:colcon.colcon_core.environment:checking '/home/ryan/hoverbot/ros2_ws/install/hoverbot_description/bin'
[5.075s] Level 1:colcon.colcon_core.environment:checking '/home/ryan/hoverbot/ros2_ws/install/hoverbot_description/lib/pkgconfig/hoverbot_description.pc'
[5.077s] Level 1:colcon.colcon_core.environment:checking '/home/ryan/hoverbot/ros2_ws/install/hoverbot_description/lib/python3.10/site-packages'
[5.078s] Level 1:colcon.colcon_core.environment:checking '/home/ryan/hoverbot/ros2_ws/install/hoverbot_description/bin'
[5.080s] INFO:colcon.colcon_core.shell:Creating package script '/home/ryan/hoverbot/ros2_ws/install/hoverbot_description/share/hoverbot_description/package.ps1'
[5.083s] INFO:colcon.colcon_core.shell:Creating package descriptor '/home/ryan/hoverbot/ros2_ws/install/hoverbot_description/share/hoverbot_description/package.dsv'
[5.086s] INFO:colcon.colcon_core.shell:Creating package script '/home/ryan/hoverbot/ros2_ws/install/hoverbot_description/share/hoverbot_description/package.sh'
[5.089s] INFO:colcon.colcon_core.shell:Creating package script '/home/ryan/hoverbot/ros2_ws/install/hoverbot_description/share/hoverbot_description/package.bash'
[5.092s] INFO:colcon.colcon_core.shell:Creating package script '/home/ryan/hoverbot/ros2_ws/install/hoverbot_description/share/hoverbot_description/package.zsh'
[5.095s] Level 1:colcon.colcon_core.environment:create_file_with_runtime_dependencies(/home/ryan/hoverbot/ros2_ws/install/hoverbot_description/share/colcon-core/packages/hoverbot_description)
[7.372s] DEBUG:colcon.colcon_core.event_handler.log_command:Invoking command in '/home/ryan/hoverbot/ros2_ws/src/hoverbot_driver': PYTHONPATH=/home/ryan/hoverbot/ros2_ws/build/hoverbot_driver/prefix_override:/usr/lib/python3/dist-packages/colcon_core/task/python/colcon_distutils_commands:/home/ryan/hoverbot/ros2_ws/install/hoverbot_driver/lib/python3.10/site-packages:${PYTHONPATH} /usr/bin/python3 -W ignore:setup.py install is deprecated -W ignore:easy_install command is deprecated setup.py egg_info --egg-base ../../build/hoverbot_driver build --build-base /home/ryan/hoverbot/ros2_ws/build/hoverbot_driver/build install --record /home/ryan/hoverbot/ros2_ws/build/hoverbot_driver/install.log --single-version-externally-managed install_data
[7.376s] DEBUG:colcon.colcon_core.event_handler.log_command:Invoking command in '/home/ryan/hoverbot/ros2_ws/src/hoverbot_bringup': PYTHONPATH=/home/ryan/hoverbot/ros2_ws/build/hoverbot_bringup/prefix_override:/usr/lib/python3/dist-packages/colcon_core/task/python/colcon_distutils_commands:/home/ryan/hoverbot/ros2_ws/install/hoverbot_bringup/lib/python3.10/site-packages:${PYTHONPATH} /usr/bin/python3 -W ignore:setup.py install is deprecated -W ignore:easy_install command is deprecated setup.py egg_info --egg-base ../../build/hoverbot_bringup build --build-base /home/ryan/hoverbot/ros2_ws/build/hoverbot_bringup/build install --record /home/ryan/hoverbot/ros2_ws/build/hoverbot_bringup/install.log --single-version-externally-managed install_data
[8.928s] Level 1:colcon.colcon_core.environment:checking '/home/ryan/hoverbot/ros2_ws/install/hoverbot_driver' for CMake module files
[8.930s] DEBUG:colcon.colcon_core.event_handler.log_command:Invoked command in '/home/ryan/hoverbot/ros2_ws/src/hoverbot_driver' returned '0': PYTHONPATH=/home/ryan/hoverbot/ros2_ws/build/hoverbot_driver/prefix_override:/usr/lib/python3/dist-packages/colcon_core/task/python/colcon_distutils_commands:/home/ryan/hoverbot/ros2_ws/install/hoverbot_driver/lib/python3.10/site-packages:${PYTHONPATH} /usr/bin/python3 -W ignore:setup.py install is deprecated -W ignore:easy_install command is deprecated setup.py egg_info --egg-base ../../build/hoverbot_driver build --build-base /home/ryan/hoverbot/ros2_ws/build/hoverbot_driver/build install --record /home/ryan/hoverbot/ros2_ws/build/hoverbot_driver/install.log --single-version-externally-managed install_data
[8.933s] Level 1:colcon.colcon_core.environment:checking '/home/ryan/hoverbot/ros2_ws/install/hoverbot_driver' for CMake config files
[8.939s] Level 1:colcon.colcon_core.environment:checking '/home/ryan/hoverbot/ros2_ws/install/hoverbot_driver/lib'
[8.941s] Level 1:colcon.colcon_core.environment:checking '/home/ryan/hoverbot/ros2_ws/install/hoverbot_driver/bin'
[8.941s] Level 1:colcon.colcon_core.environment:checking '/home/ryan/hoverbot/ros2_ws/install/hoverbot_driver/lib/pkgconfig/hoverbot_driver.pc'
[8.943s] Level 1:colcon.colcon_core.environment:checking '/home/ryan/hoverbot/ros2_ws/install/hoverbot_driver/lib/python3.10/site-packages'
[8.943s] Level 1:colcon.colcon_core.shell:create_environment_hook('hoverbot_driver', 'pythonpath')
[8.945s] INFO:colcon.colcon_core.shell:Creating environment hook '/home/ryan/hoverbot/ros2_ws/install/hoverbot_driver/share/hoverbot_driver/hook/pythonpath.ps1'
[8.949s] INFO:colcon.colcon_core.shell:Creating environment descriptor '/home/ryan/hoverbot/ros2_ws/install/hoverbot_driver/share/hoverbot_driver/hook/pythonpath.dsv'
[8.951s] INFO:colcon.colcon_core.shell:Creating environment hook '/home/ryan/hoverbot/ros2_ws/install/hoverbot_driver/share/hoverbot_driver/hook/pythonpath.sh'
[8.955s] Level 1:colcon.colcon_core.environment:checking '/home/ryan/hoverbot/ros2_ws/install/hoverbot_driver/bin'
[8.956s] Level 1:colcon.colcon_core.environment:create_environment_scripts_only(hoverbot_driver)
[8.957s] INFO:colcon.colcon_core.shell:Creating package script '/home/ryan/hoverbot/ros2_ws/install/hoverbot_driver/share/hoverbot_driver/package.ps1'
[8.959s] INFO:colcon.colcon_core.shell:Creating package descriptor '/home/ryan/hoverbot/ros2_ws/install/hoverbot_driver/share/hoverbot_driver/package.dsv'
[8.961s] INFO:colcon.colcon_core.shell:Creating package script '/home/ryan/hoverbot/ros2_ws/install/hoverbot_driver/share/hoverbot_driver/package.sh'
[8.964s] INFO:colcon.colcon_core.shell:Creating package script '/home/ryan/hoverbot/ros2_ws/install/hoverbot_driver/share/hoverbot_driver/package.bash'
[8.966s] INFO:colcon.colcon_core.shell:Creating package script '/home/ryan/hoverbot/ros2_ws/install/hoverbot_driver/share/hoverbot_driver/package.zsh'
[8.967s] Level 1:colcon.colcon_core.environment:create_file_with_runtime_dependencies(/home/ryan/hoverbot/ros2_ws/install/hoverbot_driver/share/colcon-core/packages/hoverbot_driver)
[8.972s] Level 1:colcon.colcon_core.environment:checking '/home/ryan/hoverbot/ros2_ws/install/hoverbot_bringup' for CMake module files
[8.974s] DEBUG:colcon.colcon_core.event_handler.log_command:Invoked command in '/home/ryan/hoverbot/ros2_ws/src/hoverbot_bringup' returned '0': PYTHONPATH=/home/ryan/hoverbot/ros2_ws/build/hoverbot_bringup/prefix_override:/usr/lib/python3/dist-packages/colcon_core/task/python/colcon_distutils_commands:/home/ryan/hoverbot/ros2_ws/install/hoverbot_bringup/lib/python3.10/site-packages:${PYTHONPATH} /usr/bin/python3 -W ignore:setup.py install is deprecated -W ignore:easy_install command is deprecated setup.py egg_info --egg-base ../../build/hoverbot_bringup build --build-base /home/ryan/hoverbot/ros2_ws/build/hoverbot_bringup/build install --record /home/ryan/hoverbot/ros2_ws/build/hoverbot_bringup/install.log --single-version-externally-managed install_data
[8.976s] Level 1:colcon.colcon_core.environment:checking '/home/ryan/hoverbot/ros2_ws/install/hoverbot_bringup' for CMake config files
[8.979s] Level 1:colcon.colcon_core.shell:create_environment_hook('hoverbot_bringup', 'cmake_prefix_path')
[8.980s] INFO:colcon.colcon_core.shell:Creating environment hook '/home/ryan/hoverbot/ros2_ws/install/hoverbot_bringup/share/hoverbot_bringup/hook/cmake_prefix_path.ps1'
[8.982s] INFO:colcon.colcon_core.shell:Creating environment descriptor '/home/ryan/hoverbot/ros2_ws/install/hoverbot_bringup/share/hoverbot_bringup/hook/cmake_prefix_path.dsv'
[8.984s] INFO:colcon.colcon_core.shell:Creating environment hook '/home/ryan/hoverbot/ros2_ws/install/hoverbot_bringup/share/hoverbot_bringup/hook/cmake_prefix_path.sh'
[8.987s] Level 1:colcon.colcon_core.environment:checking '/home/ryan/hoverbot/ros2_ws/install/hoverbot_bringup/lib'
[8.988s] Level 1:colcon.colcon_core.environment:checking '/home/ryan/hoverbot/ros2_ws/install/hoverbot_bringup/bin'
[8.988s] Level 1:colcon.colcon_core.shell:create_environment_hook('hoverbot_bringup', 'path')
[8.989s] INFO:colcon.colcon_core.shell:Creating environment hook '/home/ryan/hoverbot/ros2_ws/install/hoverbot_bringup/share/hoverbot_bringup/hook/path.ps1'
[8.991s] INFO:colcon.colcon_core.shell:Creating environment descriptor '/home/ryan/hoverbot/ros2_ws/install/hoverbot_bringup/share/hoverbot_bringup/hook/path.dsv'
[8.993s] INFO:colcon.colcon_core.shell:Creating environment hook '/home/ryan/hoverbot/ros2_ws/install/hoverbot_bringup/share/hoverbot_bringup/hook/path.sh'
[8.995s] Level 1:colcon.colcon_core.environment:checking '/home/ryan/hoverbot/ros2_ws/install/hoverbot_bringup/lib/pkgconfig/hoverbot_bringup.pc'
[8.996s] Level 1:colcon.colcon_core.environment:checking '/home/ryan/hoverbot/ros2_ws/install/hoverbot_bringup/lib/python3.10/site-packages'
[8.996s] Level 1:colcon.colcon_core.shell:create_environment_hook('hoverbot_bringup', 'pythonpath')
[8.997s] INFO:colcon.colcon_core.shell:Creating environment hook '/home/ryan/hoverbot/ros2_ws/install/hoverbot_bringup/share/hoverbot_bringup/hook/pythonpath.ps1'
[8.999s] INFO:colcon.colcon_core.shell:Creating environment descriptor '/home/ryan/hoverbot/ros2_ws/install/hoverbot_bringup/share/hoverbot_bringup/hook/pythonpath.dsv'
[9.001s] INFO:colcon.colcon_core.shell:Creating environment hook '/home/ryan/hoverbot/ros2_ws/install/hoverbot_bringup/share/hoverbot_bringup/hook/pythonpath.sh'
[9.004s] Level 1:colcon.colcon_core.environment:checking '/home/ryan/hoverbot/ros2_ws/install/hoverbot_bringup/bin'
[9.005s] Level 1:colcon.colcon_core.shell:create_environment_hook('hoverbot_bringup', 'pythonscriptspath')
[9.006s] INFO:colcon.colcon_core.shell:Creating environment hook '/home/ryan/hoverbot/ros2_ws/install/hoverbot_bringup/share/hoverbot_bringup/hook/pythonscriptspath.ps1'
[9.008s] INFO:colcon.colcon_core.shell:Creating environment descriptor '/home/ryan/hoverbot/ros2_ws/install/hoverbot_bringup/share/hoverbot_bringup/hook/pythonscriptspath.dsv'
[9.010s] INFO:colcon.colcon_core.shell:Creating environment hook '/home/ryan/hoverbot/ros2_ws/install/hoverbot_bringup/share/hoverbot_bringup/hook/pythonscriptspath.sh'
[9.012s] Level 1:colcon.colcon_core.environment:create_environment_scripts_only(hoverbot_bringup)
[9.013s] INFO:colcon.colcon_core.shell:Creating package script '/home/ryan/hoverbot/ros2_ws/install/hoverbot_bringup/share/hoverbot_bringup/package.ps1'
[9.016s] INFO:colcon.colcon_core.shell:Creating package descriptor '/home/ryan/hoverbot/ros2_ws/install/hoverbot_bringup/share/hoverbot_bringup/package.dsv'
[9.019s] INFO:colcon.colcon_core.shell:Creating package script '/home/ryan/hoverbot/ros2_ws/install/hoverbot_bringup/share/hoverbot_bringup/package.sh'
[9.022s] INFO:colcon.colcon_core.shell:Creating package script '/home/ryan/hoverbot/ros2_ws/install/hoverbot_bringup/share/hoverbot_bringup/package.bash'
[9.024s] INFO:colcon.colcon_core.shell:Creating package script '/home/ryan/hoverbot/ros2_ws/install/hoverbot_bringup/share/hoverbot_bringup/package.zsh'
[9.025s] Level 1:colcon.colcon_core.environment:create_file_with_runtime_dependencies(/home/ryan/hoverbot/ros2_ws/install/hoverbot_bringup/share/colcon-core/packages/hoverbot_bringup)
[9.027s] DEBUG:colcon.colcon_parallel_executor.executor.parallel:closing loop
[9.028s] DEBUG:colcon.colcon_parallel_executor.executor.parallel:loop closed
[9.029s] DEBUG:colcon.colcon_parallel_executor.executor.parallel:run_until_complete finished with '0'
[9.029s] DEBUG:colcon.colcon_core.event_reactor:joining thread
[9.057s] INFO:colcon.colcon_core.plugin_system:Skipping extension 'colcon_notification.desktop_notification.notify_send': Could not find 'notify-send'
[9.057s] INFO:colcon.colcon_core.plugin_system:Skipping extension 'colcon_notification.desktop_notification.terminal_notifier': Not used on non-Darwin systems
[9.057s] INFO:colcon.colcon_core.plugin_system:Skipping extension 'colcon_notification.desktop_notification.win32': Not used on non-Windows systems
[9.058s] INFO:colcon.colcon_notification.desktop_notification:Sending desktop notification using 'notify2'
[9.154s] DEBUG:colcon.colcon_notification.desktop_notification.notify2:Failed to initialize notify2: org.freedesktop.DBus.Error.ServiceUnknown: The name org.freedesktop.Notifications was not provided by any .service files
[9.154s] DEBUG:colcon.colcon_core.event_reactor:joined thread
[9.155s] INFO:colcon.colcon_core.shell:Creating prefix script '/home/ryan/hoverbot/ros2_ws/install/local_setup.ps1'
[9.161s] INFO:colcon.colcon_core.shell:Creating prefix util module '/home/ryan/hoverbot/ros2_ws/install/_local_setup_util_ps1.py'
[9.169s] INFO:colcon.colcon_core.shell:Creating prefix chain script '/home/ryan/hoverbot/ros2_ws/install/setup.ps1'
[9.176s] INFO:colcon.colcon_core.shell:Creating prefix script '/home/ryan/hoverbot/ros2_ws/install/local_setup.sh'
[9.179s] INFO:colcon.colcon_core.shell:Creating prefix util module '/home/ryan/hoverbot/ros2_ws/install/_local_setup_util_sh.py'
[9.182s] INFO:colcon.colcon_core.shell:Creating prefix chain script '/home/ryan/hoverbot/ros2_ws/install/setup.sh'
[9.188s] INFO:colcon.colcon_core.shell:Creating prefix script '/home/ryan/hoverbot/ros2_ws/install/local_setup.bash'
[9.190s] INFO:colcon.colcon_core.shell:Creating prefix chain script '/home/ryan/hoverbot/ros2_ws/install/setup.bash'
[9.196s] INFO:colcon.colcon_core.shell:Creating prefix script '/home/ryan/hoverbot/ros2_ws/install/local_setup.zsh'
[9.199s] INFO:colcon.colcon_core.shell:Creating prefix chain script '/home/ryan/hoverbot/ros2_ws/install/setup.zsh'
