running egg_info
writing ../../build/hoverbot_driver/hoverbot_driver.egg-info/PKG-INFO
writing dependency_links to ../../build/hoverbot_driver/hoverbot_driver.egg-info/dependency_links.txt
writing entry points to ../../build/hoverbot_driver/hoverbot_driver.egg-info/entry_points.txt
writing requirements to ../../build/hoverbot_driver/hoverbot_driver.egg-info/requires.txt
writing top-level names to ../../build/hoverbot_driver/hoverbot_driver.egg-info/top_level.txt
reading manifest file '../../build/hoverbot_driver/hoverbot_driver.egg-info/SOURCES.txt'
writing manifest file '../../build/hoverbot_driver/hoverbot_driver.egg-info/SOURCES.txt'
running build
running build_py
copying hoverbot_driver/hoverbot_driver_node.py -> /home/ryan/hoverbot/ros2_ws/build/hoverbot_driver/build/lib/hoverbot_driver
running install
running install_lib
copying /home/ryan/hoverbot/ros2_ws/build/hoverbot_driver/build/lib/hoverbot_driver/hoverbot_driver_node.py -> /home/ryan/hoverbot/ros2_ws/install/hoverbot_driver/lib/python3.10/site-packages/hoverbot_driver
byte-compiling /home/ryan/hoverbot/ros2_ws/install/hoverbot_driver/lib/python3.10/site-packages/hoverbot_driver/hoverbot_driver_node.py to hoverbot_driver_node.cpython-310.pyc
running install_data
running install_egg_info
removing '/home/ryan/hoverbot/ros2_ws/install/hoverbot_driver/lib/python3.10/site-packages/hoverbot_driver-1.0.0-py3.10.egg-info' (and everything under it)
Copying ../../build/hoverbot_driver/hoverbot_driver.egg-info to /home/ryan/hoverbot/ros2_ws/install/hoverbot_driver/lib/python3.10/site-packages/hoverbot_driver-1.0.0-py3.10.egg-info
running install_scripts
Installing hoverbot_driver_node script to /home/ryan/hoverbot/ros2_ws/install/hoverbot_driver/lib/hoverbot_driver
writing list of installed files to '/home/ryan/hoverbot/ros2_ws/build/hoverbot_driver/install.log'
