[5.930s] Invoking command in '/home/ryan/hoverbot/ros2_ws/src/hoverbot_driver': PYTHONPATH=/home/ryan/hoverbot/ros2_ws/build/hoverbot_driver/prefix_override:/usr/lib/python3/dist-packages/colcon_core/task/python/colcon_distutils_commands:/home/ryan/hoverbot/ros2_ws/install/hoverbot_driver/lib/python3.10/site-packages:${PYTHONPATH} /usr/bin/python3 -W ignore:setup.py install is deprecated -W ignore:easy_install command is deprecated setup.py egg_info --egg-base ../../build/hoverbot_driver build --build-base /home/ryan/hoverbot/ros2_ws/build/hoverbot_driver/build install --record /home/ryan/hoverbot/ros2_ws/build/hoverbot_driver/install.log --single-version-externally-managed install_data
[7.150s] running egg_info
[7.154s] writing ../../build/hoverbot_driver/hoverbot_driver.egg-info/PKG-INFO
[7.155s] writing dependency_links to ../../build/hoverbot_driver/hoverbot_driver.egg-info/dependency_links.txt
[7.157s] writing entry points to ../../build/hoverbot_driver/hoverbot_driver.egg-info/entry_points.txt
[7.158s] writing requirements to ../../build/hoverbot_driver/hoverbot_driver.egg-info/requires.txt
[7.158s] writing top-level names to ../../build/hoverbot_driver/hoverbot_driver.egg-info/top_level.txt
[7.168s] reading manifest file '../../build/hoverbot_driver/hoverbot_driver.egg-info/SOURCES.txt'
[7.173s] writing manifest file '../../build/hoverbot_driver/hoverbot_driver.egg-info/SOURCES.txt'
[7.174s] running build
[7.175s] running build_py
[7.178s] copying hoverbot_driver/hoverbot_driver_node.py -> /home/ryan/hoverbot/ros2_ws/build/hoverbot_driver/build/lib/hoverbot_driver
[7.180s] running install
[7.181s] running install_lib
[7.185s] copying /home/ryan/hoverbot/ros2_ws/build/hoverbot_driver/build/lib/hoverbot_driver/hoverbot_driver_node.py -> /home/ryan/hoverbot/ros2_ws/install/hoverbot_driver/lib/python3.10/site-packages/hoverbot_driver
[7.190s] byte-compiling /home/ryan/hoverbot/ros2_ws/install/hoverbot_driver/lib/python3.10/site-packages/hoverbot_driver/hoverbot_driver_node.py to hoverbot_driver_node.cpython-310.pyc
[7.199s] running install_data
[7.202s] running install_egg_info
[7.210s] removing '/home/ryan/hoverbot/ros2_ws/install/hoverbot_driver/lib/python3.10/site-packages/hoverbot_driver-1.0.0-py3.10.egg-info' (and everything under it)
[7.212s] Copying ../../build/hoverbot_driver/hoverbot_driver.egg-info to /home/ryan/hoverbot/ros2_ws/install/hoverbot_driver/lib/python3.10/site-packages/hoverbot_driver-1.0.0-py3.10.egg-info
[7.219s] running install_scripts
[7.309s] Installing hoverbot_driver_node script to /home/ryan/hoverbot/ros2_ws/install/hoverbot_driver/lib/hoverbot_driver
[7.313s] writing list of installed files to '/home/ryan/hoverbot/ros2_ws/build/hoverbot_driver/install.log'
[7.497s] Invoked command in '/home/ryan/hoverbot/ros2_ws/src/hoverbot_driver' returned '0': PYTHONPATH=/home/ryan/hoverbot/ros2_ws/build/hoverbot_driver/prefix_override:/usr/lib/python3/dist-packages/colcon_core/task/python/colcon_distutils_commands:/home/ryan/hoverbot/ros2_ws/install/hoverbot_driver/lib/python3.10/site-packages:${PYTHONPATH} /usr/bin/python3 -W ignore:setup.py install is deprecated -W ignore:easy_install command is deprecated setup.py egg_info --egg-base ../../build/hoverbot_driver build --build-base /home/ryan/hoverbot/ros2_ws/build/hoverbot_driver/build install --record /home/ryan/hoverbot/ros2_ws/build/hoverbot_driver/install.log --single-version-externally-managed install_data
