running egg_info
creating ../../build/hoverbot_driver/hoverbot_driver.egg-info
writing ../../build/hoverbot_driver/hoverbot_driver.egg-info/PKG-INFO
writing dependency_links to ../../build/hoverbot_driver/hoverbot_driver.egg-info/dependency_links.txt
writing entry points to ../../build/hoverbot_driver/hoverbot_driver.egg-info/entry_points.txt
writing requirements to ../../build/hoverbot_driver/hoverbot_driver.egg-info/requires.txt
writing top-level names to ../../build/hoverbot_driver/hoverbot_driver.egg-info/top_level.txt
writing manifest file '../../build/hoverbot_driver/hoverbot_driver.egg-info/SOURCES.txt'
reading manifest file '../../build/hoverbot_driver/hoverbot_driver.egg-info/SOURCES.txt'
writing manifest file '../../build/hoverbot_driver/hoverbot_driver.egg-info/SOURCES.txt'
running build
running build_py
creating /home/ryan/hoverbot/ros2_ws/build/hoverbot_driver/build
creating /home/ryan/hoverbot/ros2_ws/build/hoverbot_driver/build/lib
creating /home/ryan/hoverbot/ros2_ws/build/hoverbot_driver/build/lib/hoverbot_driver
copying hoverbot_driver/__init__.py -> /home/ryan/hoverbot/ros2_ws/build/hoverbot_driver/build/lib/hoverbot_driver
copying hoverbot_driver/serial_interface.py -> /home/ryan/hoverbot/ros2_ws/build/hoverbot_driver/build/lib/hoverbot_driver
copying hoverbot_driver/differential_drive_controller.py -> /home/ryan/hoverbot/ros2_ws/build/hoverbot_driver/build/lib/hoverbot_driver
copying hoverbot_driver/hoverbot_driver_node.py -> /home/ryan/hoverbot/ros2_ws/build/hoverbot_driver/build/lib/hoverbot_driver
running install
running install_lib
creating /home/ryan/hoverbot/ros2_ws/install/hoverbot_driver/lib/python3.10/site-packages/hoverbot_driver
copying /home/ryan/hoverbot/ros2_ws/build/hoverbot_driver/build/lib/hoverbot_driver/__init__.py -> /home/ryan/hoverbot/ros2_ws/install/hoverbot_driver/lib/python3.10/site-packages/hoverbot_driver
copying /home/ryan/hoverbot/ros2_ws/build/hoverbot_driver/build/lib/hoverbot_driver/serial_interface.py -> /home/ryan/hoverbot/ros2_ws/install/hoverbot_driver/lib/python3.10/site-packages/hoverbot_driver
copying /home/ryan/hoverbot/ros2_ws/build/hoverbot_driver/build/lib/hoverbot_driver/differential_drive_controller.py -> /home/ryan/hoverbot/ros2_ws/install/hoverbot_driver/lib/python3.10/site-packages/hoverbot_driver
copying /home/ryan/hoverbot/ros2_ws/build/hoverbot_driver/build/lib/hoverbot_driver/hoverbot_driver_node.py -> /home/ryan/hoverbot/ros2_ws/install/hoverbot_driver/lib/python3.10/site-packages/hoverbot_driver
byte-compiling /home/ryan/hoverbot/ros2_ws/install/hoverbot_driver/lib/python3.10/site-packages/hoverbot_driver/__init__.py to __init__.cpython-310.pyc
byte-compiling /home/ryan/hoverbot/ros2_ws/install/hoverbot_driver/lib/python3.10/site-packages/hoverbot_driver/serial_interface.py to serial_interface.cpython-310.pyc
byte-compiling /home/ryan/hoverbot/ros2_ws/install/hoverbot_driver/lib/python3.10/site-packages/hoverbot_driver/differential_drive_controller.py to differential_drive_controller.cpython-310.pyc
byte-compiling /home/ryan/hoverbot/ros2_ws/install/hoverbot_driver/lib/python3.10/site-packages/hoverbot_driver/hoverbot_driver_node.py to hoverbot_driver_node.cpython-310.pyc
running install_data
creating /home/ryan/hoverbot/ros2_ws/install/hoverbot_driver/share/ament_index
creating /home/ryan/hoverbot/ros2_ws/install/hoverbot_driver/share/ament_index/resource_index
creating /home/ryan/hoverbot/ros2_ws/install/hoverbot_driver/share/ament_index/resource_index/packages
copying resource/hoverbot_driver -> /home/ryan/hoverbot/ros2_ws/install/hoverbot_driver/share/ament_index/resource_index/packages
copying package.xml -> /home/ryan/hoverbot/ros2_ws/install/hoverbot_driver/share/hoverbot_driver
creating /home/ryan/hoverbot/ros2_ws/install/hoverbot_driver/share/hoverbot_driver/launch
copying launch/hoverbot_driver.launch.py -> /home/ryan/hoverbot/ros2_ws/install/hoverbot_driver/share/hoverbot_driver/launch
creating /home/ryan/hoverbot/ros2_ws/install/hoverbot_driver/share/hoverbot_driver/config
copying config/hoverbot_driver.yaml -> /home/ryan/hoverbot/ros2_ws/install/hoverbot_driver/share/hoverbot_driver/config
running install_egg_info
Copying ../../build/hoverbot_driver/hoverbot_driver.egg-info to /home/ryan/hoverbot/ros2_ws/install/hoverbot_driver/lib/python3.10/site-packages/hoverbot_driver-1.0.0-py3.10.egg-info
running install_scripts
Installing hoverbot_driver_node script to /home/ryan/hoverbot/ros2_ws/install/hoverbot_driver/lib/hoverbot_driver
writing list of installed files to '/home/ryan/hoverbot/ros2_ws/build/hoverbot_driver/install.log'
