/home/ryan/hoverbot/ros2_ws/install/hoverbot_bringup/lib/python3.10/site-packages/hoverbot_bringup/__init__.py
/home/ryan/hoverbot/ros2_ws/install/hoverbot_bringup/lib/python3.10/site-packages/hoverbot_bringup/test_lidar_control.py
/home/ryan/hoverbot/ros2_ws/install/hoverbot_bringup/lib/python3.10/site-packages/hoverbot_bringup/lidar_manager.py
/home/ryan/hoverbot/ros2_ws/install/hoverbot_bringup/lib/python3.10/site-packages/hoverbot_bringup/__pycache__/__init__.cpython-310.pyc
/home/ryan/hoverbot/ros2_ws/install/hoverbot_bringup/lib/python3.10/site-packages/hoverbot_bringup/__pycache__/test_lidar_control.cpython-310.pyc
/home/ryan/hoverbot/ros2_ws/install/hoverbot_bringup/lib/python3.10/site-packages/hoverbot_bringup/__pycache__/lidar_manager.cpython-310.pyc
/home/ryan/hoverbot/ros2_ws/install/hoverbot_bringup/share/ament_index/resource_index/packages/hoverbot_bringup
/home/ryan/hoverbot/ros2_ws/install/hoverbot_bringup/share/hoverbot_bringup/package.xml
/home/ryan/hoverbot/ros2_ws/install/hoverbot_bringup/share/hoverbot_bringup/launch/nav2_bringup.launch.py
/home/ryan/hoverbot/ros2_ws/install/hoverbot_bringup/share/hoverbot_bringup/launch/state_publisher.launch.py
/home/ryan/hoverbot/ros2_ws/install/hoverbot_bringup/share/hoverbot_bringup/launch/lidar_power_management.launch.py
/home/ryan/hoverbot/ros2_ws/install/hoverbot_bringup/share/hoverbot_bringup/launch/imu.launch.py
/home/ryan/hoverbot/ros2_ws/install/hoverbot_bringup/share/hoverbot_bringup/launch/slam_mapping.launch.py
/home/ryan/hoverbot/ros2_ws/install/hoverbot_bringup/share/hoverbot_bringup/launch/hoverbot_full_v3.launch.py
/home/ryan/hoverbot/ros2_ws/install/hoverbot_bringup/share/hoverbot_bringup/launch/robot_with_lidar.launch.py
/home/ryan/hoverbot/ros2_ws/install/hoverbot_bringup/share/hoverbot_bringup/config/lidar_manager.yaml
/home/ryan/hoverbot/ros2_ws/install/hoverbot_bringup/share/hoverbot_bringup/config/ekf.yaml
/home/ryan/hoverbot/ros2_ws/install/hoverbot_bringup/share/hoverbot_bringup/config/slam_toolbox_params.yaml
/home/ryan/hoverbot/ros2_ws/install/hoverbot_bringup/share/hoverbot_bringup/config/elp_camera.yaml
/home/ryan/hoverbot/ros2_ws/install/hoverbot_bringup/share/hoverbot_bringup/scripts/test_imu_quality.py
/home/ryan/hoverbot/ros2_ws/install/hoverbot_bringup/lib/python3.10/site-packages/hoverbot_bringup-0.0.1-py3.10.egg-info/PKG-INFO
/home/ryan/hoverbot/ros2_ws/install/hoverbot_bringup/lib/python3.10/site-packages/hoverbot_bringup-0.0.1-py3.10.egg-info/top_level.txt
/home/ryan/hoverbot/ros2_ws/install/hoverbot_bringup/lib/python3.10/site-packages/hoverbot_bringup-0.0.1-py3.10.egg-info/SOURCES.txt
/home/ryan/hoverbot/ros2_ws/install/hoverbot_bringup/lib/python3.10/site-packages/hoverbot_bringup-0.0.1-py3.10.egg-info/entry_points.txt
/home/ryan/hoverbot/ros2_ws/install/hoverbot_bringup/lib/python3.10/site-packages/hoverbot_bringup-0.0.1-py3.10.egg-info/requires.txt
/home/ryan/hoverbot/ros2_ws/install/hoverbot_bringup/lib/python3.10/site-packages/hoverbot_bringup-0.0.1-py3.10.egg-info/dependency_links.txt
/home/ryan/hoverbot/ros2_ws/install/hoverbot_bringup/lib/python3.10/site-packages/hoverbot_bringup-0.0.1-py3.10.egg-info/zip-safe
/home/ryan/hoverbot/ros2_ws/install/hoverbot_bringup/bin/lidar_manager
/home/ryan/hoverbot/ros2_ws/install/hoverbot_bringup/bin/test_lidar_control
