[0.043s] Invoking command in '/home/ryan/hoverbot/ros2_ws/build/hoverbot_bringup': CMAKE_PREFIX_PATH=${CMAKE_PREFIX_PATH}:/home/ryan/hoverbot/ros2_ws/install/hoverbot_driver:/home/ryan/hoverbot/ros2_ws/install/hoverbot_bringup:/opt/ros/humble /usr/bin/cmake /home/ryan/hoverbot/ros2_ws/src/hoverbot_bringup -DCMAKE_INSTALL_PREFIX=/home/ryan/hoverbot/ros2_ws/install/hoverbot_bringup
[0.299s] -- The C compiler identification is GNU 11.4.0
[0.556s] -- The CXX compiler identification is GNU 11.4.0
[0.586s] -- Detecting C compiler ABI info
[0.894s] -- Detecting C compiler ABI info - done
[0.920s] -- Check for working C compiler: /usr/bin/cc - skipped
[0.921s] -- Detecting C compile features
[0.922s] -- Detecting C compile features - done
[0.935s] -- Detecting CXX compiler ABI info
[1.297s] -- Detecting CXX compiler ABI info - done
[1.319s] -- Check for working CXX compiler: /usr/bin/c++ - skipped
[1.320s] -- Detecting CXX compile features
[1.321s] -- Detecting CXX compile features - done
[1.358s] -- Found ament_cmake: 1.3.12 (/opt/ros/humble/share/ament_cmake/cmake)
[2.145s] -- Found Python3: /usr/bin/python3 (found version "3.10.12") found components: Interpreter 
[2.816s] -- Found ament_lint_auto: 0.12.14 (/opt/ros/humble/share/ament_lint_auto/cmake)
[3.102s] -- Configuring done
[3.120s] -- Generating done
[3.127s] -- Build files have been written to: /home/ryan/hoverbot/ros2_ws/build/hoverbot_bringup
[3.142s] Invoked command in '/home/ryan/hoverbot/ros2_ws/build/hoverbot_bringup' returned '0': CMAKE_PREFIX_PATH=${CMAKE_PREFIX_PATH}:/home/ryan/hoverbot/ros2_ws/install/hoverbot_driver:/home/ryan/hoverbot/ros2_ws/install/hoverbot_bringup:/opt/ros/humble /usr/bin/cmake /home/ryan/hoverbot/ros2_ws/src/hoverbot_bringup -DCMAKE_INSTALL_PREFIX=/home/ryan/hoverbot/ros2_ws/install/hoverbot_bringup
[3.150s] Invoking command in '/home/ryan/hoverbot/ros2_ws/build/hoverbot_bringup': CMAKE_PREFIX_PATH=${CMAKE_PREFIX_PATH}:/home/ryan/hoverbot/ros2_ws/install/hoverbot_driver:/home/ryan/hoverbot/ros2_ws/install/hoverbot_bringup:/opt/ros/humble /usr/bin/cmake --build /home/ryan/hoverbot/ros2_ws/build/hoverbot_bringup -- -j4 -l4
[3.294s] Invoked command in '/home/ryan/hoverbot/ros2_ws/build/hoverbot_bringup' returned '0': CMAKE_PREFIX_PATH=${CMAKE_PREFIX_PATH}:/home/ryan/hoverbot/ros2_ws/install/hoverbot_driver:/home/ryan/hoverbot/ros2_ws/install/hoverbot_bringup:/opt/ros/humble /usr/bin/cmake --build /home/ryan/hoverbot/ros2_ws/build/hoverbot_bringup -- -j4 -l4
[3.305s] Invoking command in '/home/ryan/hoverbot/ros2_ws/build/hoverbot_bringup': CMAKE_PREFIX_PATH=${CMAKE_PREFIX_PATH}:/home/ryan/hoverbot/ros2_ws/install/hoverbot_driver:/home/ryan/hoverbot/ros2_ws/install/hoverbot_bringup:/opt/ros/humble /usr/bin/cmake --install /home/ryan/hoverbot/ros2_ws/build/hoverbot_bringup
[3.332s] -- Install configuration: ""
[3.332s] -- Installing: /home/ryan/hoverbot/ros2_ws/install/hoverbot_bringup/share/hoverbot_bringup/launch
[3.333s] -- Installing: /home/ryan/hoverbot/ros2_ws/install/hoverbot_bringup/share/hoverbot_bringup/launch/state_publisher.launch.py
[3.334s] -- Installing: /home/ryan/hoverbot/ros2_ws/install/hoverbot_bringup/share/hoverbot_bringup/launch/robot_with_lidar.launch.py
[3.336s] -- Installing: /home/ryan/hoverbot/ros2_ws/install/hoverbot_bringup/share/ament_index/resource_index/package_run_dependencies/hoverbot_bringup
[3.337s] -- Installing: /home/ryan/hoverbot/ros2_ws/install/hoverbot_bringup/share/ament_index/resource_index/parent_prefix_path/hoverbot_bringup
[3.339s] -- Installing: /home/ryan/hoverbot/ros2_ws/install/hoverbot_bringup/share/hoverbot_bringup/environment/ament_prefix_path.sh
[3.340s] -- Installing: /home/ryan/hoverbot/ros2_ws/install/hoverbot_bringup/share/hoverbot_bringup/environment/ament_prefix_path.dsv
[3.341s] -- Installing: /home/ryan/hoverbot/ros2_ws/install/hoverbot_bringup/share/hoverbot_bringup/environment/path.sh
[3.343s] -- Installing: /home/ryan/hoverbot/ros2_ws/install/hoverbot_bringup/share/hoverbot_bringup/environment/path.dsv
[3.344s] -- Installing: /home/ryan/hoverbot/ros2_ws/install/hoverbot_bringup/share/hoverbot_bringup/local_setup.bash
[3.345s] -- Installing: /home/ryan/hoverbot/ros2_ws/install/hoverbot_bringup/share/hoverbot_bringup/local_setup.sh
[3.346s] -- Installing: /home/ryan/hoverbot/ros2_ws/install/hoverbot_bringup/share/hoverbot_bringup/local_setup.zsh
[3.347s] -- Installing: /home/ryan/hoverbot/ros2_ws/install/hoverbot_bringup/share/hoverbot_bringup/local_setup.dsv
[3.348s] -- Installing: /home/ryan/hoverbot/ros2_ws/install/hoverbot_bringup/share/hoverbot_bringup/package.dsv
[3.350s] -- Installing: /home/ryan/hoverbot/ros2_ws/install/hoverbot_bringup/share/ament_index/resource_index/packages/hoverbot_bringup
[3.351s] -- Installing: /home/ryan/hoverbot/ros2_ws/install/hoverbot_bringup/share/hoverbot_bringup/cmake/hoverbot_bringupConfig.cmake
[3.352s] -- Installing: /home/ryan/hoverbot/ros2_ws/install/hoverbot_bringup/share/hoverbot_bringup/cmake/hoverbot_bringupConfig-version.cmake
[3.354s] -- Installing: /home/ryan/hoverbot/ros2_ws/install/hoverbot_bringup/share/hoverbot_bringup/package.xml
[3.361s] Invoked command in '/home/ryan/hoverbot/ros2_ws/build/hoverbot_bringup' returned '0': CMAKE_PREFIX_PATH=${CMAKE_PREFIX_PATH}:/home/ryan/hoverbot/ros2_ws/install/hoverbot_driver:/home/ryan/hoverbot/ros2_ws/install/hoverbot_bringup:/opt/ros/humble /usr/bin/cmake --install /home/ryan/hoverbot/ros2_ws/build/hoverbot_bringup
