/home/ryan/hoverbot/ros2_ws/install/hoverbot_driver/lib/python3.10/site-packages/hoverbot_driver/__init__.py
/home/ryan/hoverbot/ros2_ws/install/hoverbot_driver/lib/python3.10/site-packages/hoverbot_driver/serial_interface.py
/home/ryan/hoverbot/ros2_ws/install/hoverbot_driver/lib/python3.10/site-packages/hoverbot_driver/differential_drive_controller.py
/home/ryan/hoverbot/ros2_ws/install/hoverbot_driver/lib/python3.10/site-packages/hoverbot_driver/hoverbot_driver_node.py
/home/ryan/hoverbot/ros2_ws/install/hoverbot_driver/lib/python3.10/site-packages/hoverbot_driver/__pycache__/__init__.cpython-310.pyc
/home/ryan/hoverbot/ros2_ws/install/hoverbot_driver/lib/python3.10/site-packages/hoverbot_driver/__pycache__/serial_interface.cpython-310.pyc
/home/ryan/hoverbot/ros2_ws/install/hoverbot_driver/lib/python3.10/site-packages/hoverbot_driver/__pycache__/differential_drive_controller.cpython-310.pyc
/home/ryan/hoverbot/ros2_ws/install/hoverbot_driver/lib/python3.10/site-packages/hoverbot_driver/__pycache__/hoverbot_driver_node.cpython-310.pyc
/home/ryan/hoverbot/ros2_ws/install/hoverbot_driver/share/ament_index/resource_index/packages/hoverbot_driver
/home/ryan/hoverbot/ros2_ws/install/hoverbot_driver/share/hoverbot_driver/package.xml
/home/ryan/hoverbot/ros2_ws/install/hoverbot_driver/share/hoverbot_driver/launch/hoverbot_driver.launch.py
/home/ryan/hoverbot/ros2_ws/install/hoverbot_driver/share/hoverbot_driver/config/hoverbot_driver.yaml
/home/ryan/hoverbot/ros2_ws/install/hoverbot_driver/lib/python3.10/site-packages/hoverbot_driver-1.0.0-py3.10.egg-info/PKG-INFO
/home/ryan/hoverbot/ros2_ws/install/hoverbot_driver/lib/python3.10/site-packages/hoverbot_driver-1.0.0-py3.10.egg-info/top_level.txt
/home/ryan/hoverbot/ros2_ws/install/hoverbot_driver/lib/python3.10/site-packages/hoverbot_driver-1.0.0-py3.10.egg-info/SOURCES.txt
/home/ryan/hoverbot/ros2_ws/install/hoverbot_driver/lib/python3.10/site-packages/hoverbot_driver-1.0.0-py3.10.egg-info/entry_points.txt
/home/ryan/hoverbot/ros2_ws/install/hoverbot_driver/lib/python3.10/site-packages/hoverbot_driver-1.0.0-py3.10.egg-info/requires.txt
/home/ryan/hoverbot/ros2_ws/install/hoverbot_driver/lib/python3.10/site-packages/hoverbot_driver-1.0.0-py3.10.egg-info/dependency_links.txt
/home/ryan/hoverbot/ros2_ws/install/hoverbot_driver/lib/python3.10/site-packages/hoverbot_driver-1.0.0-py3.10.egg-info/zip-safe
/home/ryan/hoverbot/ros2_ws/install/hoverbot_driver/lib/hoverbot_driver/hoverbot_driver_node
